[2025-05-25T06:56:29.485866] [ERROR loading /data/data/com.termux/files/home/feralsys/srv_link/agent_logs/little_dippy_memory.json] Expecting value: line 1 column 1 (char 0)
[2025-05-25T06:56:29.486327] Little Dippy online. Real-token dip detection active.
[2025-05-25T06:56:29.486723] [ERROR loading /data/data/com.termux/files/home/feralsys/srv_link/oracle_stream/dex_tokens.json] Expecting value: line 1 column 1 (char 0)
[2025-05-25T06:59:29.487743] [ERROR loading /data/data/com.termux/files/home/feralsys/srv_link/oracle_stream/dex_tokens.json] Expecting value: line 1 column 1 (char 0)
[2025-05-25T07:02:29.488871] [ERROR loading /data/data/com.termux/files/home/feralsys/srv_link/oracle_stream/dex_tokens.json] Expecting value: line 1 column 1 (char 0)
[2025-05-25T07:05:29.491205] [ERROR loading /data/data/com.termux/files/home/feralsys/srv_link/oracle_stream/dex_tokens.json] Expecting value: line 1 column 1 (char 0)
[2025-05-25T07:09:21.687616] [ERROR loading /data/data/com.termux/files/home/feralsys/srv_link/oracle_stream/dex_tokens.json] Expecting value: line 1 column 1 (char 0)
[2025-05-25T07:12:21.692975] [ERROR loading /data/data/com.termux/files/home/feralsys/srv_link/oracle_stream/dex_tokens.json] Expecting value: line 1 column 1 (char 0)
[2025-05-25T07:17:17.505500] [ERROR loading /data/data/com.termux/files/home/feralsys/srv_link/oracle_stream/dex_tokens.json] Expecting value: line 1 column 1 (char 0)
[2025-05-25T07:28:21.867192] [ERROR loading /data/data/com.termux/files/home/feralsys/srv_link/oracle_stream/dex_tokens.json] Expecting value: line 1 column 1 (char 0)
[2025-05-25T07:35:04.797676] [ERROR loading /data/data/com.termux/files/home/feralsys/srv_link/oracle_stream/dex_tokens.json] Expecting value: line 1 column 1 (char 0)
[2025-05-25T07:46:12.639885] [ERROR loading /data/data/com.termux/files/home/feralsys/srv_link/oracle_stream/dex_tokens.json] Expecting value: line 1 column 1 (char 0)
[2025-05-25T07:55:17.957675] [ERROR loading /data/data/com.termux/files/home/feralsys/srv_link/oracle_stream/dex_tokens.json] Expecting value: line 1 column 1 (char 0)
[2025-05-25T08:04:35.044125] [ERROR loading /data/data/com.termux/files/home/feralsys/srv_link/oracle_stream/dex_tokens.json] Expecting value: line 1 column 1 (char 0)
[2025-05-25T08:07:48.652530] [ERROR loading /data/data/com.termux/files/home/feralsys/srv_link/oracle_stream/dex_tokens.json] Expecting value: line 1 column 1 (char 0)
[2025-05-25T08:11:09.445638] [ERROR loading /data/data/com.termux/files/home/feralsys/srv_link/oracle_stream/dex_tokens.json] Expecting value: line 1 column 1 (char 0)
[2025-05-25T08:15:06.565984] [ERROR loading /data/data/com.termux/files/home/feralsys/srv_link/oracle_stream/dex_tokens.json] Expecting value: line 1 column 1 (char 0)
[2025-05-25T08:22:49.634075] [ERROR loading /data/data/com.termux/files/home/feralsys/srv_link/oracle_stream/dex_tokens.json] Expecting value: line 1 column 1 (char 0)
[2025-05-25T08:25:54.049952] [ERROR loading /data/data/com.termux/files/home/feralsys/srv_link/oracle_stream/dex_tokens.json] Expecting value: line 1 column 1 (char 0)
[2025-05-25T08:28:56.595463] [ERROR loading /data/data/com.termux/files/home/feralsys/srv_link/oracle_stream/dex_tokens.json] Expecting value: line 1 column 1 (char 0)
[2025-05-25T08:32:50.426479] [ERROR loading /data/data/com.termux/files/home/feralsys/srv_link/oracle_stream/dex_tokens.json] Expecting value: line 1 column 1 (char 0)
[2025-05-25T08:37:27.828087] [ERROR loading /data/data/com.termux/files/home/feralsys/srv_link/oracle_stream/dex_tokens.json] Expecting value: line 1 column 1 (char 0)
[2025-05-25T08:40:27.829897] [ERROR loading /data/data/com.termux/files/home/feralsys/srv_link/oracle_stream/dex_tokens.json] Expecting value: line 1 column 1 (char 0)
[2025-05-25T08:43:27.833398] [ERROR loading /data/data/com.termux/files/home/feralsys/srv_link/oracle_stream/dex_tokens.json] Expecting value: line 1 column 1 (char 0)
[2025-05-25T08:46:27.837121] [ERROR loading /data/data/com.termux/files/home/feralsys/srv_link/oracle_stream/dex_tokens.json] Expecting value: line 1 column 1 (char 0)
[2025-05-25T08:49:27.842445] [ERROR loading /data/data/com.termux/files/home/feralsys/srv_link/oracle_stream/dex_tokens.json] Expecting value: line 1 column 1 (char 0)
[2025-05-25T08:52:27.850528] [ERROR loading /data/data/com.termux/files/home/feralsys/srv_link/oracle_stream/dex_tokens.json] Expecting value: line 1 column 1 (char 0)
[2025-05-25T08:55:27.859253] [ERROR loading /data/data/com.termux/files/home/feralsys/srv_link/oracle_stream/dex_tokens.json] Expecting value: line 1 column 1 (char 0)
[2025-05-25T08:58:27.873238] [ERROR loading /data/data/com.termux/files/home/feralsys/srv_link/oracle_stream/dex_tokens.json] Expecting value: line 1 column 1 (char 0)
[2025-05-25T09:01:34.572659] [ERROR loading /data/data/com.termux/files/home/feralsys/srv_link/oracle_stream/dex_tokens.json] Expecting value: line 1 column 1 (char 0)
[2025-05-25T09:04:34.576504] [ERROR loading /data/data/com.termux/files/home/feralsys/srv_link/oracle_stream/dex_tokens.json] Expecting value: line 1 column 1 (char 0)
[2025-05-25T09:07:34.586023] [ERROR loading /data/data/com.termux/files/home/feralsys/srv_link/oracle_stream/dex_tokens.json] Expecting value: line 1 column 1 (char 0)
[2025-05-25T09:10:34.598839] [ERROR loading /data/data/com.termux/files/home/feralsys/srv_link/oracle_stream/dex_tokens.json] Expecting value: line 1 column 1 (char 0)
[2025-05-25T09:13:34.612034] [ERROR loading /data/data/com.termux/files/home/feralsys/srv_link/oracle_stream/dex_tokens.json] Expecting value: line 1 column 1 (char 0)
[2025-05-25T09:16:34.628882] [ERROR loading /data/data/com.termux/files/home/feralsys/srv_link/oracle_stream/dex_tokens.json] Expecting value: line 1 column 1 (char 0)
[2025-05-25T09:19:34.636170] [ERROR loading /data/data/com.termux/files/home/feralsys/srv_link/oracle_stream/dex_tokens.json] Expecting value: line 1 column 1 (char 0)
[2025-05-25T09:22:34.639258] [ERROR loading /data/data/com.termux/files/home/feralsys/srv_link/oracle_stream/dex_tokens.json] Expecting value: line 1 column 1 (char 0)
[2025-05-25T09:25:34.642661] [ERROR loading /data/data/com.termux/files/home/feralsys/srv_link/oracle_stream/dex_tokens.json] Expecting value: line 1 column 1 (char 0)
[2025-05-25T09:28:34.656264] [ERROR loading /data/data/com.termux/files/home/feralsys/srv_link/oracle_stream/dex_tokens.json] Expecting value: line 1 column 1 (char 0)
[2025-05-25T09:31:34.659758] [ERROR loading /data/data/com.termux/files/home/feralsys/srv_link/oracle_stream/dex_tokens.json] Expecting value: line 1 column 1 (char 0)
[2025-05-25T09:34:34.672604] [ERROR loading /data/data/com.termux/files/home/feralsys/srv_link/oracle_stream/dex_tokens.json] Expecting value: line 1 column 1 (char 0)
[2025-05-25T09:37:34.677148] [ERROR loading /data/data/com.termux/files/home/feralsys/srv_link/oracle_stream/dex_tokens.json] Expecting value: line 1 column 1 (char 0)
[2025-05-25T09:40:34.682208] [ERROR loading /data/data/com.termux/files/home/feralsys/srv_link/oracle_stream/dex_tokens.json] Expecting value: line 1 column 1 (char 0)
[2025-05-25T09:43:34.685028] [ERROR loading /data/data/com.termux/files/home/feralsys/srv_link/oracle_stream/dex_tokens.json] Expecting value: line 1 column 1 (char 0)
[2025-05-25T09:46:34.709489] [ERROR loading /data/data/com.termux/files/home/feralsys/srv_link/oracle_stream/dex_tokens.json] Expecting value: line 1 column 1 (char 0)
[2025-05-25T09:50:41.491777] [ERROR loading /data/data/com.termux/files/home/feralsys/srv_link/oracle_stream/dex_tokens.json] Expecting value: line 1 column 1 (char 0)
[2025-05-25T09:53:41.976103] [ERROR loading /data/data/com.termux/files/home/feralsys/srv_link/oracle_stream/dex_tokens.json] Expecting value: line 1 column 1 (char 0)
[2025-05-25T09:56:56.272605] [ERROR loading /data/data/com.termux/files/home/feralsys/srv_link/oracle_stream/dex_tokens.json] Expecting value: line 1 column 1 (char 0)
[2025-05-25T10:04:35.296222] [ERROR loading /data/data/com.termux/files/home/feralsys/srv_link/oracle_stream/dex_tokens.json] Expecting value: line 1 column 1 (char 0)
[2025-05-25T10:08:16.475646] [ERROR loading /data/data/com.termux/files/home/feralsys/srv_link/oracle_stream/dex_tokens.json] Expecting value: line 1 column 1 (char 0)
[2025-05-25T10:15:27.534424] [ERROR loading /data/data/com.termux/files/home/feralsys/srv_link/oracle_stream/dex_tokens.json] Expecting value: line 1 column 1 (char 0)
[2025-05-25T10:27:57.435262] [ERROR loading /data/data/com.termux/files/home/feralsys/srv_link/oracle_stream/dex_tokens.json] Expecting value: line 1 column 1 (char 0)
[2025-05-25T10:30:57.450480] [ERROR loading /data/data/com.termux/files/home/feralsys/srv_link/oracle_stream/dex_tokens.json] Expecting value: line 1 column 1 (char 0)
[2025-05-25T10:34:10.929935] [ERROR loading /data/data/com.termux/files/home/feralsys/srv_link/oracle_stream/dex_tokens.json] Expecting value: line 1 column 1 (char 0)
[2025-05-25T10:37:22.086314] [ERROR loading /data/data/com.termux/files/home/feralsys/srv_link/oracle_stream/dex_tokens.json] Expecting value: line 1 column 1 (char 0)
[2025-05-25T10:40:48.012898] [ERROR loading /data/data/com.termux/files/home/feralsys/srv_link/oracle_stream/dex_tokens.json] Expecting value: line 1 column 1 (char 0)
[2025-05-25T10:44:50.071623] [ERROR loading /data/data/com.termux/files/home/feralsys/srv_link/oracle_stream/dex_tokens.json] Expecting value: line 1 column 1 (char 0)
[2025-05-25T10:49:38.830992] [ERROR loading /data/data/com.termux/files/home/feralsys/srv_link/oracle_stream/dex_tokens.json] Expecting value: line 1 column 1 (char 0)
[2025-05-25T10:53:34.256802] [ERROR loading /data/data/com.termux/files/home/feralsys/srv_link/oracle_stream/dex_tokens.json] Expecting value: line 1 column 1 (char 0)
[2025-05-25T10:56:34.269942] [ERROR loading /data/data/com.termux/files/home/feralsys/srv_link/oracle_stream/dex_tokens.json] Expecting value: line 1 column 1 (char 0)
[2025-05-25T11:00:02.747971] [ERROR loading /data/data/com.termux/files/home/feralsys/srv_link/oracle_stream/dex_tokens.json] Expecting value: line 1 column 1 (char 0)
[2025-05-25T11:03:03.453229] [ERROR loading /data/data/com.termux/files/home/feralsys/srv_link/oracle_stream/dex_tokens.json] Expecting value: line 1 column 1 (char 0)
[2025-05-25T11:06:03.603834] [ERROR loading /data/data/com.termux/files/home/feralsys/srv_link/oracle_stream/dex_tokens.json] Expecting value: line 1 column 1 (char 0)
[2025-05-25T11:09:43.985441] [ERROR loading /data/data/com.termux/files/home/feralsys/srv_link/oracle_stream/dex_tokens.json] Expecting value: line 1 column 1 (char 0)
[2025-05-25T11:22:38.699830] [ERROR loading /data/data/com.termux/files/home/feralsys/srv_link/oracle_stream/dex_tokens.json] Expecting value: line 1 column 1 (char 0)
[2025-05-25T11:45:02.550214] [ERROR loading /data/data/com.termux/files/home/feralsys/srv_link/oracle_stream/dex_tokens.json] Expecting value: line 1 column 1 (char 0)
[2025-05-25T11:53:34.574848] [ERROR loading /data/data/com.termux/files/home/feralsys/srv_link/oracle_stream/dex_tokens.json] Expecting value: line 1 column 1 (char 0)
[2025-05-25T12:01:59.513028] [ERROR loading /data/data/com.termux/files/home/feralsys/srv_link/oracle_stream/dex_tokens.json] Expecting value: line 1 column 1 (char 0)
[2025-05-25T12:23:59.474374] [ERROR loading /data/data/com.termux/files/home/feralsys/srv_link/oracle_stream/dex_tokens.json] Expecting value: line 1 column 1 (char 0)
[2025-05-25T12:37:26.480313] [ERROR loading /data/data/com.termux/files/home/feralsys/srv_link/oracle_stream/dex_tokens.json] Expecting value: line 1 column 1 (char 0)
[2025-05-25T12:48:06.579502] [ERROR loading /data/data/com.termux/files/home/feralsys/srv_link/oracle_stream/dex_tokens.json] Expecting value: line 1 column 1 (char 0)
[2025-05-25T12:56:25.412386] [ERROR loading /data/data/com.termux/files/home/feralsys/srv_link/oracle_stream/dex_tokens.json] Expecting value: line 1 column 1 (char 0)
[2025-05-25T12:59:25.996789] [ERROR loading /data/data/com.termux/files/home/feralsys/srv_link/oracle_stream/dex_tokens.json] Expecting value: line 1 column 1 (char 0)
[2025-05-25T13:59:39.403247] [ERROR loading /data/data/com.termux/files/home/feralsys/srv_link/oracle_stream/dex_tokens.json] Expecting value: line 1 column 1 (char 0)
[2025-05-25T14:02:39.410963] [ERROR loading /data/data/com.termux/files/home/feralsys/srv_link/oracle_stream/dex_tokens.json] Expecting value: line 1 column 1 (char 0)
[2025-05-25T14:05:39.425577] [ERROR loading /data/data/com.termux/files/home/feralsys/srv_link/oracle_stream/dex_tokens.json] Expecting value: line 1 column 1 (char 0)
[2025-05-25T14:08:39.433759] [ERROR loading /data/data/com.termux/files/home/feralsys/srv_link/oracle_stream/dex_tokens.json] Expecting value: line 1 column 1 (char 0)
[2025-05-25T14:11:39.444346] [ERROR loading /data/data/com.termux/files/home/feralsys/srv_link/oracle_stream/dex_tokens.json] Expecting value: line 1 column 1 (char 0)
[2025-05-25T14:14:39.454404] [ERROR loading /data/data/com.termux/files/home/feralsys/srv_link/oracle_stream/dex_tokens.json] Expecting value: line 1 column 1 (char 0)
[2025-05-25T14:17:39.496626] [ERROR loading /data/data/com.termux/files/home/feralsys/srv_link/oracle_stream/dex_tokens.json] Expecting value: line 1 column 1 (char 0)
[2025-05-25T14:20:39.504297] [ERROR loading /data/data/com.termux/files/home/feralsys/srv_link/oracle_stream/dex_tokens.json] Expecting value: line 1 column 1 (char 0)
[2025-05-25T14:23:39.511505] [ERROR loading /data/data/com.termux/files/home/feralsys/srv_link/oracle_stream/dex_tokens.json] Expecting value: line 1 column 1 (char 0)
[2025-05-25T14:26:39.519043] [ERROR loading /data/data/com.termux/files/home/feralsys/srv_link/oracle_stream/dex_tokens.json] Expecting value: line 1 column 1 (char 0)
[2025-05-25T14:29:39.526496] [ERROR loading /data/data/com.termux/files/home/feralsys/srv_link/oracle_stream/dex_tokens.json] Expecting value: line 1 column 1 (char 0)
[2025-05-25T15:21:56.429344] [ERROR loading /data/data/com.termux/files/home/feralsys/srv_link/oracle_stream/dex_tokens.json] Expecting value: line 1 column 1 (char 0)
[2025-05-25T15:25:36.713376] [ERROR loading /data/data/com.termux/files/home/feralsys/srv_link/oracle_stream/dex_tokens.json] Expecting value: line 1 column 1 (char 0)
[2025-05-25T15:30:04.686367] [ERROR loading /data/data/com.termux/files/home/feralsys/srv_link/oracle_stream/dex_tokens.json] Expecting value: line 1 column 1 (char 0)
[2025-05-25T16:32:18.615810] [ERROR loading /data/data/com.termux/files/home/feralsys/srv_link/oracle_stream/dex_tokens.json] Expecting value: line 1 column 1 (char 0)
[2025-05-25T17:17:27.157119] [ERROR loading /data/data/com.termux/files/home/feralsys/srv_link/oracle_stream/dex_tokens.json] Expecting value: line 1 column 1 (char 0)
[2025-05-25T17:20:27.167366] [ERROR loading /data/data/com.termux/files/home/feralsys/srv_link/oracle_stream/dex_tokens.json] Expecting value: line 1 column 1 (char 0)
[2025-05-25T17:23:27.174708] [ERROR loading /data/data/com.termux/files/home/feralsys/srv_link/oracle_stream/dex_tokens.json] Expecting value: line 1 column 1 (char 0)
[2025-05-25T17:26:27.180476] [ERROR loading /data/data/com.termux/files/home/feralsys/srv_link/oracle_stream/dex_tokens.json] Expecting value: line 1 column 1 (char 0)
[2025-05-25T17:29:28.810683] [ERROR loading /data/data/com.termux/files/home/feralsys/srv_link/oracle_stream/dex_tokens.json] Expecting value: line 1 column 1 (char 0)
[2025-05-25T17:32:28.813599] [ERROR loading /data/data/com.termux/files/home/feralsys/srv_link/oracle_stream/dex_tokens.json] Expecting value: line 1 column 1 (char 0)
[2025-05-25T17:41:50.086628] [ERROR loading /data/data/com.termux/files/home/feralsys/srv_link/oracle_stream/dex_tokens.json] Expecting value: line 1 column 1 (char 0)
[2025-05-25T17:44:50.092265] [ERROR loading /data/data/com.termux/files/home/feralsys/srv_link/oracle_stream/dex_tokens.json] Expecting value: line 1 column 1 (char 0)
[2025-05-25T17:47:50.100700] [ERROR loading /data/data/com.termux/files/home/feralsys/srv_link/oracle_stream/dex_tokens.json] Expecting value: line 1 column 1 (char 0)
[2025-05-25T17:50:50.104082] [ERROR loading /data/data/com.termux/files/home/feralsys/srv_link/oracle_stream/dex_tokens.json] Expecting value: line 1 column 1 (char 0)
[2025-05-25T17:53:50.108483] [ERROR loading /data/data/com.termux/files/home/feralsys/srv_link/oracle_stream/dex_tokens.json] Expecting value: line 1 column 1 (char 0)
[2025-05-25T17:56:50.134693] [ERROR loading /data/data/com.termux/files/home/feralsys/srv_link/oracle_stream/dex_tokens.json] Expecting value: line 1 column 1 (char 0)
[2025-05-25T17:59:50.144068] [ERROR loading /data/data/com.termux/files/home/feralsys/srv_link/oracle_stream/dex_tokens.json] Expecting value: line 1 column 1 (char 0)
[2025-05-25T18:02:50.152166] [ERROR loading /data/data/com.termux/files/home/feralsys/srv_link/oracle_stream/dex_tokens.json] Expecting value: line 1 column 1 (char 0)
[2025-05-25T18:05:50.162600] [ERROR loading /data/data/com.termux/files/home/feralsys/srv_link/oracle_stream/dex_tokens.json] Expecting value: line 1 column 1 (char 0)
[2025-05-25T18:08:50.168317] [ERROR loading /data/data/com.termux/files/home/feralsys/srv_link/oracle_stream/dex_tokens.json] Expecting value: line 1 column 1 (char 0)
[2025-05-25T18:11:50.172383] [ERROR loading /data/data/com.termux/files/home/feralsys/srv_link/oracle_stream/dex_tokens.json] Expecting value: line 1 column 1 (char 0)
[2025-05-25T18:14:31.023603] Little Dippy online. Real-token dip detection active.
[2025-05-25T18:14:31.024169] [ERROR loading /data/data/com.termux/files/home/feralsys/srv_link/oracle_stream/dex_tokens.json] Expecting value: line 1 column 1 (char 0)
[2025-05-25T18:17:31.028037] [ERROR loading /data/data/com.termux/files/home/feralsys/srv_link/oracle_stream/dex_tokens.json] Expecting value: line 1 column 1 (char 0)
[2025-05-25T18:20:31.031103] [ERROR] 'str' object has no attribute 'get'
[2025-05-25T18:21:32.051476] [ERROR] 'str' object has no attribute 'get'
[2025-05-25T18:24:49.553088] [ERROR] 'str' object has no attribute 'get'
[2025-05-25T18:25:49.556727] [ERROR] 'str' object has no attribute 'get'
[2025-05-25T18:26:49.562916] [ERROR] 'str' object has no attribute 'get'
[2025-05-25T18:27:49.566883] [ERROR] 'str' object has no attribute 'get'
[2025-05-25T18:28:49.572781] [ERROR] 'str' object has no attribute 'get'
[2025-05-25T18:29:49.578291] [ERROR] 'str' object has no attribute 'get'
[2025-05-25T18:30:49.580120] [ERROR] 'str' object has no attribute 'get'
[2025-05-25T18:31:49.582996] [ERROR] 'str' object has no attribute 'get'
[2025-05-25T18:32:49.586812] [ERROR] 'str' object has no attribute 'get'
[2025-05-25T18:33:49.594110] [ERROR] 'str' object has no attribute 'get'
[2025-05-25T18:34:49.598156] [ERROR] 'str' object has no attribute 'get'
[2025-05-25T18:35:53.682960] [ERROR] 'str' object has no attribute 'get'
[2025-05-25T18:37:08.122553] [ERROR] 'str' object has no attribute 'get'
[2025-05-25T18:46:47.500447] [ERROR] 'str' object has no attribute 'get'
[2025-05-25T18:48:08.224214] [ERROR] 'str' object has no attribute 'get'
[2025-05-25T18:49:08.230775] [ERROR] 'str' object has no attribute 'get'
[2025-05-25T18:50:08.236978] [ERROR] 'str' object has no attribute 'get'
[2025-05-25T18:51:08.240045] [ERROR] 'str' object has no attribute 'get'
[2025-05-25T18:52:30.700342] [ERROR] 'str' object has no attribute 'get'
[2025-05-25T18:54:54.222582] [ERROR] 'str' object has no attribute 'get'
[2025-05-25T18:57:00.593016] [ERROR] 'str' object has no attribute 'get'
[2025-05-25T18:58:01.243210] [ERROR] 'str' object has no attribute 'get'
[2025-05-25T18:59:10.569032] [ERROR] 'str' object has no attribute 'get'
[2025-05-25T19:00:10.571410] [ERROR] 'str' object has no attribute 'get'
[2025-05-25T19:01:10.577491] [ERROR] 'str' object has no attribute 'get'
[2025-05-25T19:02:10.584357] [ERROR] 'str' object has no attribute 'get'
[2025-05-25T19:03:10.588378] [ERROR] 'str' object has no attribute 'get'
[2025-05-25T19:04:10.596127] [ERROR] 'str' object has no attribute 'get'
[2025-05-25T19:05:10.603380] [ERROR] 'str' object has no attribute 'get'
[2025-05-25T19:06:10.607692] [ERROR] 'str' object has no attribute 'get'
[2025-05-25T19:07:10.610425] [ERROR] 'str' object has no attribute 'get'
[2025-05-25T19:08:10.612639] [ERROR] 'str' object has no attribute 'get'
[2025-05-25T19:12:26.009196] [ERROR] 'str' object has no attribute 'get'
[2025-05-25T19:15:25.733801] [ERROR] 'str' object has no attribute 'get'
[2025-05-25T19:16:25.739467] [ERROR] 'str' object has no attribute 'get'
[2025-05-25T19:17:25.741885] [ERROR] 'str' object has no attribute 'get'
[2025-05-25T19:18:25.748460] [ERROR] 'str' object has no attribute 'get'
[2025-05-25T19:19:25.752479] [ERROR] 'str' object has no attribute 'get'
[2025-05-25T19:20:25.758526] [ERROR] 'str' object has no attribute 'get'
[2025-05-25T19:21:25.763185] [ERROR] 'str' object has no attribute 'get'
[2025-05-25T19:22:25.766611] [ERROR] 'str' object has no attribute 'get'
[2025-05-25T19:23:25.773282] [ERROR] 'str' object has no attribute 'get'
[2025-05-25T19:24:25.778986] [ERROR] 'str' object has no attribute 'get'
[2025-05-25T19:25:25.786392] [ERROR] 'str' object has no attribute 'get'
[2025-05-25T19:26:25.793673] [ERROR] 'str' object has no attribute 'get'
[2025-05-25T19:27:25.798333] [ERROR] 'str' object has no attribute 'get'
[2025-05-25T19:28:25.805759] [ERROR] 'str' object has no attribute 'get'
[2025-05-25T19:29:26.272482] [ERROR] 'str' object has no attribute 'get'
[2025-05-25T19:31:42.008049] [ERROR] 'str' object has no attribute 'get'
[2025-05-25T19:46:01.328717] [ERROR] 'str' object has no attribute 'get'
[2025-05-25T19:47:02.038058] [ERROR] 'str' object has no attribute 'get'
[2025-05-25T19:49:21.284167] [ERROR] 'str' object has no attribute 'get'
[2025-05-25T19:54:19.971841] [ERROR] 'str' object has no attribute 'get'
[2025-05-25T19:55:29.976195] [ERROR] 'str' object has no attribute 'get'
[2025-05-25T19:56:29.983809] [ERROR] 'str' object has no attribute 'get'
[2025-05-25T19:57:29.990749] [ERROR] 'str' object has no attribute 'get'
[2025-05-25T19:58:30.004471] [ERROR] 'str' object has no attribute 'get'
[2025-05-25T19:59:30.010680] [ERROR] 'str' object has no attribute 'get'
[2025-05-25T20:07:36.864686] [ERROR] 'str' object has no attribute 'get'
[2025-05-25T20:16:44.767210] [ERROR] 'str' object has no attribute 'get'
[2025-05-25T20:36:15.243370] [ERROR] 'str' object has no attribute 'get'
[2025-05-25T20:38:33.625890] [ERROR] 'str' object has no attribute 'get'
[2025-05-25T20:39:33.629586] [ERROR] 'str' object has no attribute 'get'
[2025-05-25T20:40:33.634480] [ERROR] 'str' object has no attribute 'get'
[2025-05-25T20:41:33.637581] [ERROR] 'str' object has no attribute 'get'
[2025-05-25T20:42:33.640012] [ERROR] 'str' object has no attribute 'get'
[2025-05-25T20:43:33.642640] [ERROR] 'str' object has no attribute 'get'
[2025-05-25T20:45:32.913539] [ERROR] 'str' object has no attribute 'get'
[2025-05-25T20:47:36.815475] [ERROR] 'str' object has no attribute 'get'
[2025-05-25T20:53:07.856835] [ERROR] 'str' object has no attribute 'get'
[2025-05-25T20:54:07.860585] [ERROR] 'str' object has no attribute 'get'
[2025-05-25T20:55:07.866014] [ERROR] 'str' object has no attribute 'get'
[2025-05-25T20:56:07.867252] [ERROR] 'str' object has no attribute 'get'
[2025-05-25T20:57:07.870225] [ERROR] 'str' object has no attribute 'get'
[2025-05-25T20:58:07.873843] [ERROR] 'str' object has no attribute 'get'
[2025-05-25T20:59:07.877577] [ERROR] 'str' object has no attribute 'get'
[2025-05-25T21:00:07.879458] [ERROR] 'str' object has no attribute 'get'
[2025-05-25T21:01:07.882698] [ERROR] 'str' object has no attribute 'get'
[2025-05-25T21:02:07.885587] [ERROR] 'str' object has no attribute 'get'
[2025-05-25T21:03:07.887340] [ERROR] 'str' object has no attribute 'get'
[2025-05-25T21:04:07.888805] [ERROR] 'str' object has no attribute 'get'
[2025-05-25T21:05:07.890308] [ERROR] 'str' object has no attribute 'get'
[2025-05-25T21:06:07.891315] [ERROR] 'str' object has no attribute 'get'
[2025-05-25T21:07:07.897130] [ERROR] 'str' object has no attribute 'get'
[2025-05-25T21:12:55.413662] [ERROR] 'str' object has no attribute 'get'
[2025-05-25T21:18:47.303501] [ERROR] 'str' object has no attribute 'get'
[2025-05-25T21:19:47.313639] [ERROR] 'str' object has no attribute 'get'
[2025-05-25T21:20:47.326555] [ERROR] 'str' object has no attribute 'get'
[2025-05-25T21:21:47.584773] [ERROR] 'str' object has no attribute 'get'
[2025-05-25T21:22:47.587668] [ERROR] 'str' object has no attribute 'get'
[2025-05-25T21:23:47.589935] [ERROR] 'str' object has no attribute 'get'
[2025-05-25T21:24:47.592251] [ERROR] 'str' object has no attribute 'get'
[2025-05-25T21:25:47.597912] [ERROR] 'str' object has no attribute 'get'
[2025-05-25T21:26:47.602647] [ERROR] 'str' object has no attribute 'get'
[2025-05-25T21:27:47.606608] [ERROR] 'str' object has no attribute 'get'
[2025-05-25T21:28:47.616441] [ERROR] 'str' object has no attribute 'get'
[2025-05-25T21:29:47.623568] [ERROR] 'str' object has no attribute 'get'
[2025-05-25T21:30:47.629716] [ERROR] 'str' object has no attribute 'get'
[2025-05-25T21:33:32.146519] [ERROR] 'str' object has no attribute 'get'
[2025-05-25T21:37:00.114643] [ERROR] 'str' object has no attribute 'get'
[2025-05-25T21:38:04.104912] [ERROR] 'str' object has no attribute 'get'
[2025-05-25T21:39:04.107706] [ERROR] 'str' object has no attribute 'get'
[2025-05-25T21:40:04.110446] [ERROR] 'str' object has no attribute 'get'
[2025-05-25T21:41:04.113352] [ERROR] 'str' object has no attribute 'get'
[2025-05-25T21:42:04.115329] [ERROR] 'str' object has no attribute 'get'
[2025-05-25T21:43:04.121545] [ERROR] 'str' object has no attribute 'get'
[2025-05-25T21:44:04.132818] [ERROR] 'str' object has no attribute 'get'
[2025-05-25T21:45:04.139134] [ERROR] 'str' object has no attribute 'get'
[2025-05-25T21:46:04.145609] [ERROR] 'str' object has no attribute 'get'
[2025-05-25T21:47:04.152949] [ERROR] 'str' object has no attribute 'get'
[2025-05-25T21:48:04.159067] [ERROR] 'str' object has no attribute 'get'
[2025-05-25T21:49:04.165263] [ERROR] 'str' object has no attribute 'get'
[2025-05-25T21:50:04.171575] [ERROR] 'str' object has no attribute 'get'
[2025-05-25T21:51:04.178357] [ERROR] 'str' object has no attribute 'get'
[2025-05-25T21:52:04.185324] [ERROR] 'str' object has no attribute 'get'
[2025-05-25T21:53:04.192459] [ERROR] 'str' object has no attribute 'get'
[2025-05-25T21:54:04.199663] [ERROR] 'str' object has no attribute 'get'
[2025-05-25T21:55:04.204929] [ERROR] 'str' object has no attribute 'get'
[2025-05-25T21:56:04.210765] [ERROR] 'str' object has no attribute 'get'
[2025-05-25T21:57:04.214853] [ERROR] 'str' object has no attribute 'get'
[2025-05-25T21:58:04.220651] [ERROR] 'str' object has no attribute 'get'
[2025-05-25T21:59:04.228232] [ERROR] 'str' object has no attribute 'get'
[2025-05-25T22:00:04.235329] [ERROR] 'str' object has no attribute 'get'
[2025-05-25T22:01:04.245304] [ERROR] 'str' object has no attribute 'get'
[2025-05-25T22:02:04.250892] [ERROR] 'str' object has no attribute 'get'
[2025-05-25T22:03:04.257404] [ERROR] 'str' object has no attribute 'get'
[2025-05-25T22:04:04.264502] [ERROR] 'str' object has no attribute 'get'
[2025-05-25T22:05:04.267839] [ERROR] 'str' object has no attribute 'get'
[2025-05-25T22:06:04.272987] [ERROR] 'str' object has no attribute 'get'
[2025-05-25T22:07:04.280082] [ERROR] 'str' object has no attribute 'get'
[2025-05-25T22:08:04.285847] [ERROR] 'str' object has no attribute 'get'
[2025-05-25T22:09:04.297646] [ERROR] 'str' object has no attribute 'get'
[2025-05-25T22:10:04.307013] [ERROR] 'str' object has no attribute 'get'
[2025-05-25T22:11:04.312223] [ERROR] 'str' object has no attribute 'get'
[2025-05-25T22:12:49.714362] [ERROR] 'str' object has no attribute 'get'
[2025-05-25T22:13:49.726382] [ERROR] 'str' object has no attribute 'get'
[2025-05-25T22:14:49.732686] [ERROR] 'str' object has no attribute 'get'
[2025-05-25T22:15:49.738585] [ERROR] 'str' object has no attribute 'get'
[2025-05-25T22:16:49.743578] [ERROR] 'str' object has no attribute 'get'
[2025-05-25T22:17:49.750842] [ERROR] 'str' object has no attribute 'get'
[2025-05-25T22:18:49.757278] [ERROR] 'str' object has no attribute 'get'
[2025-05-25T22:19:49.763617] [ERROR] 'str' object has no attribute 'get'
[2025-05-25T22:20:49.770296] [ERROR] 'str' object has no attribute 'get'
[2025-05-25T22:21:49.776689] [ERROR] 'str' object has no attribute 'get'
[2025-05-25T22:22:49.783701] [ERROR] 'str' object has no attribute 'get'
[2025-05-25T22:23:49.790794] [ERROR] 'str' object has no attribute 'get'
[2025-05-25T22:24:49.797648] [ERROR] 'str' object has no attribute 'get'
[2025-05-25T22:25:49.804648] [ERROR] 'str' object has no attribute 'get'
[2025-05-25T22:26:49.811187] [ERROR] 'str' object has no attribute 'get'
[2025-05-25T22:27:49.817711] [ERROR] 'str' object has no attribute 'get'
[2025-05-25T22:28:49.821614] [ERROR] 'str' object has no attribute 'get'
[2025-05-25T22:29:49.826977] [ERROR] 'str' object has no attribute 'get'
[2025-05-25T22:30:49.834792] [ERROR] 'str' object has no attribute 'get'
[2025-05-25T22:31:49.842099] [ERROR] 'str' object has no attribute 'get'
[2025-05-25T22:32:49.850169] [ERROR] 'str' object has no attribute 'get'
[2025-05-25T22:33:49.857018] [ERROR] 'str' object has no attribute 'get'
[2025-05-25T22:34:49.861281] [ERROR] 'str' object has no attribute 'get'
[2025-05-25T22:35:49.867716] [ERROR] 'str' object has no attribute 'get'
[2025-05-25T22:36:49.877374] [ERROR] 'str' object has no attribute 'get'
[2025-05-25T22:37:49.884124] [ERROR] 'str' object has no attribute 'get'
[2025-05-25T22:38:49.892115] [ERROR] 'str' object has no attribute 'get'
[2025-05-25T22:39:49.899856] [ERROR] 'str' object has no attribute 'get'
[2025-05-25T22:40:49.906713] [ERROR] 'str' object has no attribute 'get'
[2025-05-25T22:41:49.914641] [ERROR] 'str' object has no attribute 'get'
[2025-05-25T22:42:49.922107] [ERROR] 'str' object has no attribute 'get'
[2025-05-25T22:43:49.929915] [ERROR] 'str' object has no attribute 'get'
[2025-05-25T22:44:49.937132] [ERROR] 'str' object has no attribute 'get'
[2025-05-25T22:45:49.942343] [ERROR] 'str' object has no attribute 'get'
[2025-05-25T22:46:49.948488] [ERROR] 'str' object has no attribute 'get'
[2025-05-25T22:47:49.952513] [ERROR] 'str' object has no attribute 'get'
[2025-05-25T22:48:49.959057] [ERROR] 'str' object has no attribute 'get'
[2025-05-25T22:49:49.962106] [ERROR] 'str' object has no attribute 'get'
[2025-05-25T22:50:49.969073] [ERROR] 'str' object has no attribute 'get'
[2025-05-25T22:51:49.976338] [ERROR] 'str' object has no attribute 'get'
[2025-05-25T22:52:49.983088] [ERROR] 'str' object has no attribute 'get'
[2025-05-25T22:53:49.989190] [ERROR] 'str' object has no attribute 'get'
[2025-05-25T22:54:49.995514] [ERROR] 'str' object has no attribute 'get'
[2025-05-25T22:55:50.001930] [ERROR] 'str' object has no attribute 'get'
[2025-05-25T22:56:50.008406] [ERROR] 'str' object has no attribute 'get'
[2025-05-25T22:57:50.015547] [ERROR] 'str' object has no attribute 'get'
[2025-05-25T22:58:50.018692] [ERROR] 'str' object has no attribute 'get'
[2025-05-25T22:59:50.021127] [ERROR] 'str' object has no attribute 'get'
[2025-05-25T23:00:50.023175] [ERROR] 'str' object has no attribute 'get'
[2025-05-25T23:01:50.026655] [ERROR] 'str' object has no attribute 'get'
[2025-05-25T23:02:50.036062] [ERROR] 'str' object has no attribute 'get'
[2025-05-25T23:03:50.038178] [ERROR] 'str' object has no attribute 'get'
[2025-05-25T23:04:50.040094] [ERROR] 'str' object has no attribute 'get'
[2025-05-25T23:06:03.528436] [ERROR] 'str' object has no attribute 'get'
[2025-05-25T23:11:33.803751] [ERROR] 'str' object has no attribute 'get'
[2025-05-25T23:13:46.694298] [ERROR] 'str' object has no attribute 'get'
[2025-05-25T23:19:57.260866] [ERROR] 'str' object has no attribute 'get'
[2025-05-25T23:20:57.272104] [ERROR] 'str' object has no attribute 'get'
[2025-05-25T23:21:57.281030] [ERROR] 'str' object has no attribute 'get'
[2025-05-25T23:23:59.942790] [ERROR] 'str' object has no attribute 'get'
[2025-05-25T23:29:00.798479] [ERROR] 'str' object has no attribute 'get'
[2025-05-25T23:30:00.801676] [ERROR] 'str' object has no attribute 'get'
[2025-05-25T23:31:00.805342] [ERROR] 'str' object has no attribute 'get'
[2025-05-25T23:32:00.809297] [ERROR] 'str' object has no attribute 'get'
[2025-05-25T23:33:00.811099] [ERROR] 'str' object has no attribute 'get'
[2025-05-25T23:34:35.928866] [ERROR] 'str' object has no attribute 'get'
[2025-05-25T23:35:35.931139] [ERROR] 'str' object has no attribute 'get'
[2025-05-25T23:36:35.937573] [ERROR] 'str' object has no attribute 'get'
[2025-05-25T23:37:35.941068] [ERROR] 'str' object has no attribute 'get'
[2025-05-25T23:38:35.942827] [ERROR] 'str' object has no attribute 'get'
[2025-05-25T23:39:35.943735] [ERROR] 'str' object has no attribute 'get'
[2025-05-25T23:40:35.949852] [ERROR] 'str' object has no attribute 'get'
[2025-05-25T23:41:35.952500] [ERROR] 'str' object has no attribute 'get'
[2025-05-25T23:42:35.954252] [ERROR] 'str' object has no attribute 'get'
[2025-05-25T23:43:35.956845] [ERROR] 'str' object has no attribute 'get'
[2025-05-25T23:45:01.383474] [ERROR] 'str' object has no attribute 'get'
[2025-05-25T23:46:01.389321] [ERROR] 'str' object has no attribute 'get'
[2025-05-25T23:49:24.950007] [ERROR] 'str' object has no attribute 'get'
[2025-05-25T23:59:33.347762] [ERROR] 'str' object has no attribute 'get'
[2025-05-26T00:00:33.350972] [ERROR] 'str' object has no attribute 'get'
[2025-05-26T00:01:33.357502] [ERROR] 'str' object has no attribute 'get'
[2025-05-26T00:02:33.367071] [ERROR] 'str' object has no attribute 'get'
[2025-05-26T00:03:33.369629] [ERROR] 'str' object has no attribute 'get'
[2025-05-26T00:04:33.370778] [ERROR] 'str' object has no attribute 'get'
[2025-05-26T00:10:20.696761] [ERROR] 'str' object has no attribute 'get'
[2025-05-26T00:11:20.703257] [ERROR] 'str' object has no attribute 'get'
[2025-05-26T00:12:20.705726] [ERROR] 'str' object has no attribute 'get'
[2025-05-26T00:13:20.708308] [ERROR] 'str' object has no attribute 'get'
[2025-05-26T00:14:20.710089] [ERROR] 'str' object has no attribute 'get'
[2025-05-26T00:15:20.712020] [ERROR] 'str' object has no attribute 'get'
[2025-05-26T00:16:20.715092] [ERROR] 'str' object has no attribute 'get'
[2025-05-26T00:17:20.716247] [ERROR] 'str' object has no attribute 'get'
[2025-05-26T00:18:20.719056] [ERROR] 'str' object has no attribute 'get'
[2025-05-26T00:19:34.460446] [ERROR] 'str' object has no attribute 'get'
[2025-05-26T00:23:10.835536] [ERROR] 'str' object has no attribute 'get'
[2025-05-26T00:24:10.840272] [ERROR] 'str' object has no attribute 'get'
[2025-05-26T00:25:10.842013] [ERROR] 'str' object has no attribute 'get'
[2025-05-26T00:26:10.849106] [ERROR] 'str' object has no attribute 'get'
[2025-05-26T00:27:10.854240] [ERROR] 'str' object has no attribute 'get'
[2025-05-26T00:28:10.860690] [ERROR] 'str' object has no attribute 'get'
[2025-05-26T00:29:10.863803] [ERROR] 'str' object has no attribute 'get'
[2025-05-26T00:30:10.869075] [ERROR] 'str' object has no attribute 'get'
[2025-05-26T00:31:54.039913] [ERROR] 'str' object has no attribute 'get'
[2025-05-26T00:34:07.054313] [ERROR] 'str' object has no attribute 'get'
[2025-05-26T00:42:06.701058] [ERROR] 'str' object has no attribute 'get'
[2025-05-26T00:44:23.560658] [ERROR] 'str' object has no attribute 'get'
[2025-05-26T00:45:23.568697] [ERROR] 'str' object has no attribute 'get'
[2025-05-26T00:50:40.318359] [ERROR] 'str' object has no attribute 'get'
[2025-05-26T00:55:50.156138] [ERROR] 'str' object has no attribute 'get'
[2025-05-26T00:56:50.162526] [ERROR] 'str' object has no attribute 'get'
[2025-05-26T01:00:08.084975] [ERROR] 'str' object has no attribute 'get'
[2025-05-26T01:02:43.335981] [ERROR] 'str' object has no attribute 'get'
[2025-05-26T01:03:43.341739] [ERROR] 'str' object has no attribute 'get'
[2025-05-26T01:04:43.343423] [ERROR] 'str' object has no attribute 'get'
[2025-05-26T01:05:43.345651] [ERROR] 'str' object has no attribute 'get'
[2025-05-26T01:08:34.179448] [ERROR] 'str' object has no attribute 'get'
[2025-05-26T01:11:27.547550] [ERROR] 'str' object has no attribute 'get'
[2025-05-26T01:12:36.425294] [ERROR] 'str' object has no attribute 'get'
[2025-05-26T01:13:37.836421] [ERROR] 'str' object has no attribute 'get'
[2025-05-26T01:14:39.574630] [ERROR] 'str' object has no attribute 'get'
[2025-05-26T01:16:30.585414] [ERROR] 'str' object has no attribute 'get'
[2025-05-26T01:17:30.587447] [ERROR] 'str' object has no attribute 'get'
[2025-05-26T01:18:30.593221] [ERROR] 'str' object has no attribute 'get'
[2025-05-26T01:21:39.251026] [ERROR] 'str' object has no attribute 'get'
[2025-05-26T01:24:00.091202] [ERROR] 'str' object has no attribute 'get'
[2025-05-26T01:25:16.190916] [ERROR] 'str' object has no attribute 'get'
[2025-05-26T01:26:16.197242] [ERROR] 'str' object has no attribute 'get'
[2025-05-26T01:27:16.200898] [ERROR] 'str' object has no attribute 'get'
[2025-05-26T01:28:16.208155] [ERROR] 'str' object has no attribute 'get'
[2025-05-26T01:29:16.211693] [ERROR] 'str' object has no attribute 'get'
[2025-05-26T01:30:16.218597] [ERROR] 'str' object has no attribute 'get'
[2025-05-26T01:31:16.225689] [ERROR] 'str' object has no attribute 'get'
[2025-05-26T01:32:16.232302] [ERROR] 'str' object has no attribute 'get'
[2025-05-26T01:33:16.239048] [ERROR] 'str' object has no attribute 'get'
[2025-05-26T01:34:16.245316] [ERROR] 'str' object has no attribute 'get'
[2025-05-26T01:35:16.252796] [ERROR] 'str' object has no attribute 'get'
[2025-05-26T01:38:50.142546] [ERROR] 'str' object has no attribute 'get'
[2025-05-26T01:46:08.035772] [ERROR] 'str' object has no attribute 'get'
[2025-05-26T01:47:08.337166] [ERROR] 'str' object has no attribute 'get'
[2025-05-26T01:48:14.750278] [ERROR] 'str' object has no attribute 'get'
[2025-05-26T01:49:14.754082] [ERROR] 'str' object has no attribute 'get'
[2025-05-26T01:50:14.756152] [ERROR] 'str' object has no attribute 'get'
[2025-05-26T01:51:14.760008] [ERROR] 'str' object has no attribute 'get'
[2025-05-26T01:52:14.763088] [ERROR] 'str' object has no attribute 'get'
[2025-05-26T01:53:14.767333] [ERROR] 'str' object has no attribute 'get'
[2025-05-26T01:54:15.811264] [ERROR] 'str' object has no attribute 'get'
[2025-05-26T01:57:16.897902] [ERROR] 'str' object has no attribute 'get'
[2025-05-26T01:58:18.904540] [ERROR] 'str' object has no attribute 'get'
[2025-05-26T02:03:26.796777] [ERROR] 'str' object has no attribute 'get'
[2025-05-26T02:04:34.802732] [ERROR] 'str' object has no attribute 'get'
[2025-05-26T02:05:34.815193] [ERROR] 'str' object has no attribute 'get'
[2025-05-26T02:06:34.821278] [ERROR] 'str' object has no attribute 'get'
[2025-05-26T02:07:34.823526] [ERROR] 'str' object has no attribute 'get'
[2025-05-26T02:08:34.824795] [ERROR] 'str' object has no attribute 'get'
[2025-05-26T02:09:34.827326] [ERROR] 'str' object has no attribute 'get'
[2025-05-26T02:10:34.828624] [ERROR] 'str' object has no attribute 'get'
[2025-05-26T02:11:34.830595] [ERROR] 'str' object has no attribute 'get'
[2025-05-26T02:12:34.835210] [ERROR] 'str' object has no attribute 'get'
[2025-05-26T02:13:34.837798] [ERROR] 'str' object has no attribute 'get'
[2025-05-26T02:14:34.839327] [ERROR] 'str' object has no attribute 'get'
[2025-05-26T02:15:34.842844] [ERROR] 'str' object has no attribute 'get'
[2025-05-26T02:16:34.843800] [ERROR] 'str' object has no attribute 'get'
[2025-05-26T02:17:34.845285] [ERROR] 'str' object has no attribute 'get'
[2025-05-26T02:18:34.847702] [ERROR] 'str' object has no attribute 'get'
[2025-05-26T02:19:34.849481] [ERROR] 'str' object has no attribute 'get'
[2025-05-26T02:20:34.852219] [ERROR] 'str' object has no attribute 'get'
[2025-05-26T02:21:34.855161] [ERROR] 'str' object has no attribute 'get'
[2025-05-26T02:22:34.856304] [ERROR] 'str' object has no attribute 'get'
[2025-05-26T02:24:30.398622] [ERROR] 'str' object has no attribute 'get'
[2025-05-26T02:26:17.925975] [ERROR] 'str' object has no attribute 'get'
[2025-05-26T02:28:01.088926] [ERROR] 'str' object has no attribute 'get'
[2025-05-26T02:29:14.218954] [ERROR] 'str' object has no attribute 'get'
[2025-05-26T02:30:59.472103] [ERROR] 'str' object has no attribute 'get'
[2025-05-26T02:31:59.477539] [ERROR] 'str' object has no attribute 'get'
[2025-05-26T02:34:42.145271] [ERROR] 'str' object has no attribute 'get'
[2025-05-26T02:38:13.834549] [ERROR] 'str' object has no attribute 'get'
[2025-05-26T02:39:13.843089] [ERROR] 'str' object has no attribute 'get'
[2025-05-26T02:40:13.848795] [ERROR] 'str' object has no attribute 'get'
[2025-05-26T02:41:13.855532] [ERROR] 'str' object has no attribute 'get'
[2025-05-26T02:42:13.858498] [ERROR] 'str' object has no attribute 'get'
[2025-05-26T02:43:13.859245] [ERROR] 'str' object has no attribute 'get'
[2025-05-26T02:45:26.443851] [ERROR] 'str' object has no attribute 'get'
[2025-05-26T02:46:26.446155] [ERROR] 'str' object has no attribute 'get'
[2025-05-26T02:47:26.448498] [ERROR] 'str' object has no attribute 'get'
[2025-05-26T02:49:45.617543] [ERROR] 'str' object has no attribute 'get'
[2025-05-26T02:50:45.619834] [ERROR] 'str' object has no attribute 'get'
[2025-05-26T02:51:45.623732] [ERROR] 'str' object has no attribute 'get'
[2025-05-26T02:52:45.625810] [ERROR] 'str' object has no attribute 'get'
[2025-05-26T02:53:45.627241] [ERROR] 'str' object has no attribute 'get'
[2025-05-26T02:54:45.628517] [ERROR] 'str' object has no attribute 'get'
[2025-05-26T02:55:45.630172] [ERROR] 'str' object has no attribute 'get'
[2025-05-26T02:56:45.632275] [ERROR] 'str' object has no attribute 'get'
[2025-05-26T02:57:45.638518] [ERROR] 'str' object has no attribute 'get'
[2025-05-26T02:58:45.644812] [ERROR] 'str' object has no attribute 'get'
[2025-05-26T02:59:45.650641] [ERROR] 'str' object has no attribute 'get'
[2025-05-26T03:00:45.652911] [ERROR] 'str' object has no attribute 'get'
[2025-05-26T03:01:45.654590] [ERROR] 'str' object has no attribute 'get'
[2025-05-26T03:02:45.655762] [ERROR] 'str' object has no attribute 'get'
[2025-05-26T03:03:45.881531] [ERROR] 'str' object has no attribute 'get'
[2025-05-26T03:07:13.343432] [ERROR] 'str' object has no attribute 'get'
[2025-05-26T03:08:14.847165] [ERROR] 'str' object has no attribute 'get'
[2025-05-26T03:09:14.850642] [ERROR] 'str' object has no attribute 'get'
[2025-05-26T03:10:15.052936] [ERROR] 'str' object has no attribute 'get'
[2025-05-26T03:11:15.228900] [ERROR] 'str' object has no attribute 'get'
[2025-05-26T03:12:15.357361] [ERROR] 'str' object has no attribute 'get'
[2025-05-26T03:16:08.033841] [ERROR] 'str' object has no attribute 'get'
[2025-05-26T03:20:44.383090] [ERROR] 'str' object has no attribute 'get'
[2025-05-26T03:27:36.262798] [ERROR] 'str' object has no attribute 'get'
[2025-05-26T03:29:40.035418] [ERROR] 'str' object has no attribute 'get'
[2025-05-26T03:41:19.395453] [ERROR] 'str' object has no attribute 'get'
[2025-05-26T03:47:06.031171] [ERROR] 'str' object has no attribute 'get'
[2025-05-26T03:49:23.484263] [ERROR] 'str' object has no attribute 'get'
[2025-05-26T04:15:29.771210] [ERROR] 'str' object has no attribute 'get'
[2025-05-26T04:21:36.309914] [ERROR] 'str' object has no attribute 'get'
[2025-05-26T04:22:36.312837] [ERROR] 'str' object has no attribute 'get'
[2025-05-26T04:23:36.314390] [ERROR] 'str' object has no attribute 'get'
[2025-05-26T04:24:36.316961] [ERROR] 'str' object has no attribute 'get'
[2025-05-26T04:25:36.323493] [ERROR] 'str' object has no attribute 'get'
[2025-05-26T04:26:36.327763] [ERROR] 'str' object has no attribute 'get'
[2025-05-26T04:27:36.331128] [ERROR] 'str' object has no attribute 'get'
[2025-05-26T04:28:36.333835] [ERROR] 'str' object has no attribute 'get'
[2025-05-26T04:29:36.337916] [ERROR] 'str' object has no attribute 'get'
[2025-05-26T04:38:51.268519] [ERROR] 'str' object has no attribute 'get'
[2025-05-26T04:41:36.955967] [ERROR] 'str' object has no attribute 'get'
[2025-05-26T04:43:34.620156] [ERROR] 'str' object has no attribute 'get'
[2025-05-26T04:47:34.065021] [ERROR] 'str' object has no attribute 'get'
[2025-05-26T04:55:58.402120] [ERROR] 'str' object has no attribute 'get'
[2025-05-26T04:57:06.779422] [ERROR] 'str' object has no attribute 'get'
[2025-05-26T04:58:08.636786] [ERROR] 'str' object has no attribute 'get'
[2025-05-26T04:59:09.352423] [ERROR] 'str' object has no attribute 'get'
[2025-05-26T05:00:10.074510] [ERROR] 'str' object has no attribute 'get'
[2025-05-26T05:01:57.699530] [ERROR] 'str' object has no attribute 'get'
[2025-05-26T05:02:58.259599] [ERROR] 'str' object has no attribute 'get'
[2025-05-26T05:04:15.568747] [ERROR] 'str' object has no attribute 'get'
[2025-05-26T05:05:16.197775] [ERROR] 'str' object has no attribute 'get'
[2025-05-26T05:07:06.608607] [ERROR] 'str' object has no attribute 'get'
[2025-05-26T05:08:06.620369] [ERROR] 'str' object has no attribute 'get'
[2025-05-26T05:09:06.623531] [ERROR] 'str' object has no attribute 'get'
[2025-05-26T05:10:06.624607] [ERROR] 'str' object has no attribute 'get'
[2025-05-26T05:11:07.674728] [ERROR] 'str' object has no attribute 'get'
[2025-05-26T05:16:06.014868] [ERROR] 'str' object has no attribute 'get'
[2025-05-26T05:17:06.020404] [ERROR] 'str' object has no attribute 'get'
[2025-05-26T05:18:06.022314] [ERROR] 'str' object has no attribute 'get'
[2025-05-26T05:19:06.023777] [ERROR] 'str' object has no attribute 'get'
[2025-05-26T05:20:06.026371] [ERROR] 'str' object has no attribute 'get'
[2025-05-26T05:21:06.028188] [ERROR] 'str' object has no attribute 'get'
[2025-05-26T05:22:23.176869] [ERROR] 'str' object has no attribute 'get'
[2025-05-26T05:24:38.187766] [ERROR] 'str' object has no attribute 'get'
[2025-05-26T05:26:11.553927] [ERROR] 'str' object has no attribute 'get'
[2025-05-26T05:35:46.317892] [ERROR] 'str' object has no attribute 'get'
[2025-05-26T05:36:46.324866] [ERROR] 'str' object has no attribute 'get'
[2025-05-26T05:37:46.332121] [ERROR] 'str' object has no attribute 'get'
[2025-05-26T05:38:46.339115] [ERROR] 'str' object has no attribute 'get'
[2025-05-26T05:40:44.871692] [ERROR] 'str' object has no attribute 'get'
[2025-05-26T05:41:44.873064] [ERROR] 'str' object has no attribute 'get'
[2025-05-26T05:42:44.874561] [ERROR] 'str' object has no attribute 'get'
[2025-05-26T05:43:44.884715] [ERROR] 'str' object has no attribute 'get'
[2025-05-26T05:44:44.890892] [ERROR] 'str' object has no attribute 'get'
[2025-05-26T05:45:44.898705] [ERROR] 'str' object has no attribute 'get'
[2025-05-26T05:47:48.278262] [ERROR] 'str' object has no attribute 'get'
[2025-05-26T05:48:48.286563] [ERROR] 'str' object has no attribute 'get'
[2025-05-26T05:49:48.293356] [ERROR] 'str' object has no attribute 'get'
[2025-05-26T05:50:48.296902] [ERROR] 'str' object has no attribute 'get'
[2025-05-26T05:51:48.302815] [ERROR] 'str' object has no attribute 'get'
[2025-05-26T05:52:48.310017] [ERROR] 'str' object has no attribute 'get'
[2025-05-26T05:53:48.317496] [ERROR] 'str' object has no attribute 'get'
[2025-05-26T05:54:48.325331] [ERROR] 'str' object has no attribute 'get'
[2025-05-26T05:55:48.327935] [ERROR] 'str' object has no attribute 'get'
[2025-05-26T05:56:48.332153] [ERROR] 'str' object has no attribute 'get'
[2025-05-26T05:57:48.341699] [ERROR] 'str' object has no attribute 'get'
[2025-05-26T05:58:48.347293] [ERROR] 'str' object has no attribute 'get'
[2025-05-26T05:59:48.351920] [ERROR] 'str' object has no attribute 'get'
[2025-05-26T06:00:48.357527] [ERROR] 'str' object has no attribute 'get'
[2025-05-26T06:01:48.364081] [ERROR] 'str' object has no attribute 'get'
[2025-05-26T06:02:48.366788] [ERROR] 'str' object has no attribute 'get'
[2025-05-26T06:03:48.371250] [ERROR] 'str' object has no attribute 'get'
[2025-05-26T06:04:48.373663] [ERROR] 'str' object has no attribute 'get'
[2025-05-26T06:05:48.375126] [ERROR] 'str' object has no attribute 'get'
[2025-05-26T06:06:48.379105] [ERROR] 'str' object has no attribute 'get'
[2025-05-26T06:07:48.381859] [ERROR] 'str' object has no attribute 'get'
[2025-05-26T06:08:48.390114] [ERROR] 'str' object has no attribute 'get'
[2025-05-26T06:09:48.399388] [ERROR] 'str' object has no attribute 'get'
[2025-05-26T06:10:48.402336] [ERROR] 'str' object has no attribute 'get'
[2025-05-26T06:11:48.410643] [ERROR] 'str' object has no attribute 'get'
[2025-05-26T06:12:48.428149] [ERROR] 'str' object has no attribute 'get'
[2025-05-26T06:13:48.431849] [ERROR] 'str' object has no attribute 'get'
[2025-05-26T06:14:48.432853] [ERROR] 'str' object has no attribute 'get'
[2025-05-26T06:15:48.434439] [ERROR] 'str' object has no attribute 'get'
[2025-05-26T06:16:48.452352] [ERROR] 'str' object has no attribute 'get'
[2025-05-26T06:17:48.455663] [ERROR] 'str' object has no attribute 'get'
[2025-05-26T06:18:48.463257] [ERROR] 'str' object has no attribute 'get'
[2025-05-26T06:19:48.466432] [ERROR] 'str' object has no attribute 'get'
[2025-05-26T06:20:48.469254] [ERROR] 'str' object has no attribute 'get'
[2025-05-26T06:21:48.471383] [ERROR] 'str' object has no attribute 'get'
[2025-05-26T06:22:48.474172] [ERROR] 'str' object has no attribute 'get'
[2025-05-26T06:23:48.480041] [ERROR] 'str' object has no attribute 'get'
[2025-05-26T06:24:48.482847] [ERROR] 'str' object has no attribute 'get'
[2025-05-26T06:25:48.485455] [ERROR] 'str' object has no attribute 'get'
[2025-05-26T06:26:48.488173] [ERROR] 'str' object has no attribute 'get'
[2025-05-26T06:27:48.494546] [ERROR] 'str' object has no attribute 'get'
[2025-05-26T06:28:48.506918] [ERROR] 'str' object has no attribute 'get'
[2025-05-26T06:29:48.518255] [ERROR] 'str' object has no attribute 'get'
[2025-05-26T06:30:48.525136] [ERROR] 'str' object has no attribute 'get'
[2025-05-26T06:31:48.528386] [ERROR] 'str' object has no attribute 'get'
[2025-05-26T06:32:48.530508] [ERROR] 'str' object has no attribute 'get'
[2025-05-26T06:33:48.534370] [ERROR] 'str' object has no attribute 'get'
[2025-05-26T06:34:48.536409] [ERROR] 'str' object has no attribute 'get'
[2025-05-26T06:35:48.539229] [ERROR] 'str' object has no attribute 'get'
[2025-05-26T06:36:48.540899] [ERROR] 'str' object has no attribute 'get'
[2025-05-26T06:37:48.543445] [ERROR] 'str' object has no attribute 'get'
[2025-05-26T06:38:48.546646] [ERROR] 'str' object has no attribute 'get'
[2025-05-26T06:39:48.548051] [ERROR] 'str' object has no attribute 'get'
[2025-05-26T06:40:48.549198] [ERROR] 'str' object has no attribute 'get'
[2025-05-26T06:41:48.554261] [ERROR] 'str' object has no attribute 'get'
[2025-05-26T06:42:48.557156] [ERROR] 'str' object has no attribute 'get'
[2025-05-26T06:43:48.561851] [ERROR] 'str' object has no attribute 'get'
[2025-05-26T06:44:48.566005] [ERROR] 'str' object has no attribute 'get'
[2025-05-26T06:45:48.568984] [ERROR] 'str' object has no attribute 'get'
[2025-05-26T06:46:48.575448] [ERROR] 'str' object has no attribute 'get'
[2025-05-26T06:47:48.580083] [ERROR] 'str' object has no attribute 'get'
[2025-05-26T06:49:20.073358] [ERROR] 'str' object has no attribute 'get'
[2025-05-26T06:50:56.636561] [ERROR] 'str' object has no attribute 'get'
[2025-05-26T06:51:56.640061] [ERROR] 'str' object has no attribute 'get'
[2025-05-26T06:53:16.459146] [ERROR] 'str' object has no attribute 'get'
[2025-05-26T06:54:30.069688] [ERROR] 'str' object has no attribute 'get'
[2025-05-26T06:55:30.075017] [ERROR] 'str' object has no attribute 'get'
[2025-05-26T06:57:22.118212] [ERROR] 'str' object has no attribute 'get'
[2025-05-26T06:58:58.370288] [ERROR] 'str' object has no attribute 'get'
[2025-05-26T06:59:58.378169] [ERROR] 'str' object has no attribute 'get'
[2025-05-26T07:02:40.325217] [ERROR] 'str' object has no attribute 'get'
[2025-05-26T07:05:39.800942] [ERROR] 'str' object has no attribute 'get'
[2025-05-26T07:06:39.806937] [ERROR] 'str' object has no attribute 'get'
[2025-05-26T07:08:25.545624] [ERROR] 'str' object has no attribute 'get'
[2025-05-26T07:09:58.935137] [ERROR] 'str' object has no attribute 'get'
[2025-05-26T07:10:58.937993] [ERROR] 'str' object has no attribute 'get'
[2025-05-26T07:11:58.940787] [ERROR] 'str' object has no attribute 'get'
[2025-05-26T07:13:38.791637] [ERROR] 'str' object has no attribute 'get'
[2025-05-26T07:14:38.801281] [ERROR] 'str' object has no attribute 'get'
[2025-05-26T07:15:38.867063] [ERROR] 'str' object has no attribute 'get'
[2025-05-26T07:17:05.653221] [ERROR] 'str' object has no attribute 'get'
[2025-05-26T07:18:05.970103] [ERROR] 'str' object has no attribute 'get'
[2025-05-26T07:19:37.987105] [ERROR] 'str' object has no attribute 'get'
[2025-05-26T07:21:36.696383] [ERROR] 'str' object has no attribute 'get'
[2025-05-26T07:22:46.539356] [ERROR] 'str' object has no attribute 'get'
[2025-05-26T07:24:06.923173] [ERROR] 'str' object has no attribute 'get'
[2025-05-26T07:25:37.949219] [ERROR] 'str' object has no attribute 'get'
[2025-05-26T07:26:44.387165] [ERROR] 'str' object has no attribute 'get'
[2025-05-26T07:27:44.400167] [ERROR] 'str' object has no attribute 'get'
[2025-05-26T07:28:44.618157] [ERROR] 'str' object has no attribute 'get'
[2025-05-26T07:29:44.628581] [ERROR] 'str' object has no attribute 'get'
[2025-05-26T07:30:44.635882] [ERROR] 'str' object has no attribute 'get'
[2025-05-26T07:31:44.643078] [ERROR] 'str' object has no attribute 'get'
[2025-05-26T07:32:44.657923] [ERROR] 'str' object has no attribute 'get'
[2025-05-26T07:33:44.666755] [ERROR] 'str' object has no attribute 'get'
[2025-05-26T07:34:44.890421] [ERROR] 'str' object has no attribute 'get'
[2025-05-26T07:35:44.902343] [ERROR] 'str' object has no attribute 'get'
[2025-05-26T07:36:44.909737] [ERROR] 'str' object has no attribute 'get'
[2025-05-26T07:37:44.964772] [ERROR] 'str' object has no attribute 'get'
[2025-05-26T07:38:58.465873] [ERROR] 'str' object has no attribute 'get'
[2025-05-26T07:40:23.102405] [ERROR] 'str' object has no attribute 'get'
[2025-05-26T07:42:26.890284] [ERROR] 'str' object has no attribute 'get'
[2025-05-26T07:43:56.518515] [ERROR] 'str' object has no attribute 'get'
[2025-05-26T07:45:16.228548] [ERROR] 'str' object has no attribute 'get'
[2025-05-26T07:47:01.158836] [ERROR] 'str' object has no attribute 'get'
[2025-05-26T07:48:03.876403] [ERROR] 'str' object has no attribute 'get'
[2025-05-26T07:49:13.331044] [ERROR] 'str' object has no attribute 'get'
[2025-05-26T07:51:06.603920] [ERROR] 'str' object has no attribute 'get'
[2025-05-26T07:52:42.605899] [ERROR] 'str' object has no attribute 'get'
[2025-05-26T07:53:42.613238] [ERROR] 'str' object has no attribute 'get'
[2025-05-26T07:54:42.620685] [ERROR] 'str' object has no attribute 'get'
[2025-05-26T07:55:42.627759] [ERROR] 'str' object has no attribute 'get'
[2025-05-26T07:56:42.635416] [ERROR] 'str' object has no attribute 'get'
[2025-05-26T07:57:42.639673] [ERROR] 'str' object has no attribute 'get'
[2025-05-26T07:58:42.645542] [ERROR] 'str' object has no attribute 'get'
[2025-05-26T07:59:42.651101] [ERROR] 'str' object has no attribute 'get'
[2025-05-26T08:00:42.660673] [ERROR] 'str' object has no attribute 'get'
[2025-05-26T08:01:42.667532] [ERROR] 'str' object has no attribute 'get'
[2025-05-26T08:02:42.674227] [ERROR] 'str' object has no attribute 'get'
[2025-05-26T08:03:42.681890] [ERROR] 'str' object has no attribute 'get'
[2025-05-26T08:04:42.686727] [ERROR] 'str' object has no attribute 'get'
[2025-05-26T08:05:42.690565] [ERROR] 'str' object has no attribute 'get'
[2025-05-26T08:06:42.695074] [ERROR] 'str' object has no attribute 'get'
[2025-05-26T08:07:42.701836] [ERROR] 'str' object has no attribute 'get'
[2025-05-26T08:08:42.708372] [ERROR] 'str' object has no attribute 'get'
[2025-05-26T08:09:42.711759] [ERROR] 'str' object has no attribute 'get'
[2025-05-26T08:10:42.722536] [ERROR] 'str' object has no attribute 'get'
[2025-05-26T08:11:42.727286] [ERROR] 'str' object has no attribute 'get'
[2025-05-26T08:12:42.732788] [ERROR] 'str' object has no attribute 'get'
[2025-05-26T08:13:42.739047] [ERROR] 'str' object has no attribute 'get'
[2025-05-26T08:14:42.745935] [ERROR] 'str' object has no attribute 'get'
[2025-05-26T08:15:42.752444] [ERROR] 'str' object has no attribute 'get'
[2025-05-26T08:16:42.759183] [ERROR] 'str' object has no attribute 'get'
[2025-05-26T08:17:42.765740] [ERROR] 'str' object has no attribute 'get'
[2025-05-26T08:18:42.772289] [ERROR] 'str' object has no attribute 'get'
[2025-05-26T08:19:42.775182] [ERROR] 'str' object has no attribute 'get'
[2025-05-26T08:20:42.782730] [ERROR] 'str' object has no attribute 'get'
[2025-05-26T08:21:42.788987] [ERROR] 'str' object has no attribute 'get'
[2025-05-26T08:22:42.805592] [ERROR] 'str' object has no attribute 'get'
[2025-05-26T08:23:42.815633] [ERROR] 'str' object has no attribute 'get'
[2025-05-26T08:24:42.821049] [ERROR] 'str' object has no attribute 'get'
[2025-05-26T08:25:42.831226] [ERROR] 'str' object has no attribute 'get'
[2025-05-26T08:26:42.837173] [ERROR] 'str' object has no attribute 'get'
[2025-05-26T08:27:42.843516] [ERROR] 'str' object has no attribute 'get'
[2025-05-26T08:28:42.849845] [ERROR] 'str' object has no attribute 'get'
[2025-05-26T08:29:42.855320] [ERROR] 'str' object has no attribute 'get'
[2025-05-26T08:30:42.861406] [ERROR] 'str' object has no attribute 'get'
[2025-05-26T08:31:42.866993] [ERROR] 'str' object has no attribute 'get'
[2025-05-26T08:32:42.874051] [ERROR] 'str' object has no attribute 'get'
[2025-05-26T08:33:42.879531] [ERROR] 'str' object has no attribute 'get'
[2025-05-26T08:34:42.886649] [ERROR] 'str' object has no attribute 'get'
[2025-05-26T08:35:42.893759] [ERROR] 'str' object has no attribute 'get'
[2025-05-26T08:36:42.900240] [ERROR] 'str' object has no attribute 'get'
[2025-05-26T08:37:42.904304] [ERROR] 'str' object has no attribute 'get'
[2025-05-26T08:38:42.908359] [ERROR] 'str' object has no attribute 'get'
[2025-05-26T08:39:42.916006] [ERROR] 'str' object has no attribute 'get'
[2025-05-26T08:40:42.922078] [ERROR] 'str' object has no attribute 'get'
[2025-05-26T08:41:42.929875] [ERROR] 'str' object has no attribute 'get'
[2025-05-26T08:42:42.937040] [ERROR] 'str' object has no attribute 'get'
[2025-05-26T08:43:42.944989] [ERROR] 'str' object has no attribute 'get'
[2025-05-26T08:44:42.952329] [ERROR] 'str' object has no attribute 'get'
[2025-05-26T08:45:42.958877] [ERROR] 'str' object has no attribute 'get'
[2025-05-26T08:46:42.966616] [ERROR] 'str' object has no attribute 'get'
[2025-05-26T08:47:42.972984] [ERROR] 'str' object has no attribute 'get'
[2025-05-26T08:48:42.980139] [ERROR] 'str' object has no attribute 'get'
[2025-05-26T08:49:42.983562] [ERROR] 'str' object has no attribute 'get'
[2025-05-26T08:50:42.989616] [ERROR] 'str' object has no attribute 'get'
[2025-05-26T08:51:42.996402] [ERROR] 'str' object has no attribute 'get'
[2025-05-26T08:52:43.004015] [ERROR] 'str' object has no attribute 'get'
[2025-05-26T08:53:43.011111] [ERROR] 'str' object has no attribute 'get'
[2025-05-26T08:54:43.912061] [ERROR] 'str' object has no attribute 'get'
[2025-05-26T08:55:44.151352] [ERROR] 'str' object has no attribute 'get'
[2025-05-26T08:56:44.154899] [ERROR] 'str' object has no attribute 'get'
[2025-05-26T08:57:44.157766] [ERROR] 'str' object has no attribute 'get'
[2025-05-26T08:58:44.160523] [ERROR] 'str' object has no attribute 'get'
[2025-05-26T08:59:44.167892] [ERROR] 'str' object has no attribute 'get'
[2025-05-26T09:00:44.172954] [ERROR] 'str' object has no attribute 'get'
[2025-05-26T09:01:44.175587] [ERROR] 'str' object has no attribute 'get'
[2025-05-26T09:02:44.177564] [ERROR] 'str' object has no attribute 'get'
[2025-05-26T09:03:44.180520] [ERROR] 'str' object has no attribute 'get'
[2025-05-26T09:04:44.182474] [ERROR] 'str' object has no attribute 'get'
[2025-05-26T09:05:44.186162] [ERROR] 'str' object has no attribute 'get'
[2025-05-26T09:06:44.187670] [ERROR] 'str' object has no attribute 'get'
[2025-05-26T09:07:44.191110] [ERROR] 'str' object has no attribute 'get'
[2025-05-26T09:08:44.192906] [ERROR] 'str' object has no attribute 'get'
[2025-05-26T09:09:44.194151] [ERROR] 'str' object has no attribute 'get'
[2025-05-26T09:10:44.196535] [ERROR] 'str' object has no attribute 'get'
[2025-05-26T09:11:44.199005] [ERROR] 'str' object has no attribute 'get'
[2025-05-26T09:12:44.200982] [ERROR] 'str' object has no attribute 'get'
[2025-05-26T09:13:44.202362] [ERROR] 'str' object has no attribute 'get'
[2025-05-26T09:14:44.205733] [ERROR] 'str' object has no attribute 'get'
[2025-05-26T09:15:44.209294] [ERROR] 'str' object has no attribute 'get'
[2025-05-26T09:16:44.211459] [ERROR] 'str' object has no attribute 'get'
[2025-05-26T09:17:44.213131] [ERROR] 'str' object has no attribute 'get'
[2025-05-26T09:18:44.214084] [ERROR] 'str' object has no attribute 'get'
[2025-05-26T09:19:44.217510] [ERROR] 'str' object has no attribute 'get'
[2025-05-26T09:20:44.219333] [ERROR] 'str' object has no attribute 'get'
[2025-05-26T09:21:44.222550] [ERROR] 'str' object has no attribute 'get'
[2025-05-26T09:22:44.227291] [ERROR] 'str' object has no attribute 'get'
[2025-05-26T09:23:44.229594] [ERROR] 'str' object has no attribute 'get'
[2025-05-26T09:24:44.233291] [ERROR] 'str' object has no attribute 'get'
[2025-05-26T09:25:44.238149] [ERROR] 'str' object has no attribute 'get'
[2025-05-26T09:26:44.239634] [ERROR] 'str' object has no attribute 'get'
[2025-05-26T09:27:44.240442] [ERROR] 'str' object has no attribute 'get'
[2025-05-26T09:28:44.244427] [ERROR] 'str' object has no attribute 'get'
[2025-05-26T09:29:44.247939] [ERROR] 'str' object has no attribute 'get'
[2025-05-26T09:30:44.251370] [ERROR] 'str' object has no attribute 'get'
[2025-05-26T09:31:44.253669] [ERROR] 'str' object has no attribute 'get'
[2025-05-26T09:32:44.256453] [ERROR] 'str' object has no attribute 'get'
[2025-05-26T09:33:44.260351] [ERROR] 'str' object has no attribute 'get'
[2025-05-26T09:34:44.262491] [ERROR] 'str' object has no attribute 'get'
[2025-05-26T09:35:44.266952] [ERROR] 'str' object has no attribute 'get'
[2025-05-26T09:36:44.269188] [ERROR] 'str' object has no attribute 'get'
[2025-05-26T09:37:44.271725] [ERROR] 'str' object has no attribute 'get'
[2025-05-26T09:38:44.275002] [ERROR] 'str' object has no attribute 'get'
[2025-05-26T09:39:44.280982] [ERROR] 'str' object has no attribute 'get'
[2025-05-26T09:40:44.284021] [ERROR] 'str' object has no attribute 'get'
[2025-05-26T09:41:44.285948] [ERROR] 'str' object has no attribute 'get'
[2025-05-26T09:42:44.287985] [ERROR] 'str' object has no attribute 'get'
[2025-05-26T09:43:44.289571] [ERROR] 'str' object has no attribute 'get'
[2025-05-26T09:44:44.291039] [ERROR] 'str' object has no attribute 'get'
[2025-05-26T09:45:44.294270] [ERROR] 'str' object has no attribute 'get'
[2025-05-26T09:46:44.296259] [ERROR] 'str' object has no attribute 'get'
[2025-05-26T09:47:44.297330] [ERROR] 'str' object has no attribute 'get'
[2025-05-26T09:48:44.299899] [ERROR] 'str' object has no attribute 'get'
[2025-05-26T09:49:44.303751] [ERROR] 'str' object has no attribute 'get'
[2025-05-26T09:50:44.305218] [ERROR] 'str' object has no attribute 'get'
[2025-05-26T09:51:44.307465] [ERROR] 'str' object has no attribute 'get'
[2025-05-26T09:52:44.312078] [ERROR] 'str' object has no attribute 'get'
[2025-05-26T09:53:44.313520] [ERROR] 'str' object has no attribute 'get'
[2025-05-26T09:54:44.318955] [ERROR] 'str' object has no attribute 'get'
[2025-05-26T09:55:44.321297] [ERROR] 'str' object has no attribute 'get'
[2025-05-26T09:56:44.324822] [ERROR] 'str' object has no attribute 'get'
[2025-05-26T09:57:44.329485] [ERROR] 'str' object has no attribute 'get'
[2025-05-26T09:58:44.333318] [ERROR] 'str' object has no attribute 'get'
[2025-05-26T09:59:44.335240] [ERROR] 'str' object has no attribute 'get'
[2025-05-26T10:00:44.339583] [ERROR] 'str' object has no attribute 'get'
[2025-05-26T10:01:44.340556] [ERROR] 'str' object has no attribute 'get'
[2025-05-26T10:02:44.342067] [ERROR] 'str' object has no attribute 'get'
[2025-05-26T10:03:44.343498] [ERROR] 'str' object has no attribute 'get'
[2025-05-26T10:04:44.344864] [ERROR] 'str' object has no attribute 'get'
[2025-05-26T10:05:44.348335] [ERROR] 'str' object has no attribute 'get'
[2025-05-26T10:06:44.351307] [ERROR] 'str' object has no attribute 'get'
[2025-05-26T10:07:44.353390] [ERROR] 'str' object has no attribute 'get'
[2025-05-26T10:08:44.356125] [ERROR] 'str' object has no attribute 'get'
[2025-05-26T10:09:44.361627] [ERROR] 'str' object has no attribute 'get'
[2025-05-26T10:10:44.365688] [ERROR] 'str' object has no attribute 'get'
[2025-05-26T10:11:44.367023] [ERROR] 'str' object has no attribute 'get'
[2025-05-26T10:12:44.367706] [ERROR] 'str' object has no attribute 'get'
[2025-05-26T10:13:44.374016] [ERROR] 'str' object has no attribute 'get'
[2025-05-26T10:14:44.380097] [ERROR] 'str' object has no attribute 'get'
[2025-05-26T10:15:44.380977] [ERROR] 'str' object has no attribute 'get'
[2025-05-26T10:16:44.383720] [ERROR] 'str' object has no attribute 'get'
[2025-05-26T10:17:44.385056] [ERROR] 'str' object has no attribute 'get'
[2025-05-26T10:18:44.385733] [ERROR] 'str' object has no attribute 'get'
[2025-05-26T10:19:44.387565] [ERROR] 'str' object has no attribute 'get'
[2025-05-26T10:20:44.390814] [ERROR] 'str' object has no attribute 'get'
[2025-05-26T10:21:44.397116] [ERROR] 'str' object has no attribute 'get'
[2025-05-26T10:22:44.410378] [ERROR] 'str' object has no attribute 'get'
[2025-05-26T10:23:44.423433] [ERROR] 'str' object has no attribute 'get'
[2025-05-26T10:24:44.427145] [ERROR] 'str' object has no attribute 'get'
[2025-05-26T10:25:44.432301] [ERROR] 'str' object has no attribute 'get'
[2025-05-26T10:26:44.435552] [ERROR] 'str' object has no attribute 'get'
[2025-05-26T10:27:44.441270] [ERROR] 'str' object has no attribute 'get'
[2025-05-26T10:28:44.448052] [ERROR] 'str' object has no attribute 'get'
[2025-05-26T10:29:44.454481] [ERROR] 'str' object has no attribute 'get'
[2025-05-26T10:30:44.461709] [ERROR] 'str' object has no attribute 'get'
[2025-05-26T10:31:44.467776] [ERROR] 'str' object has no attribute 'get'
[2025-05-26T10:32:44.470668] [ERROR] 'str' object has no attribute 'get'
[2025-05-26T10:33:44.477766] [ERROR] 'str' object has no attribute 'get'
[2025-05-26T10:34:44.480223] [ERROR] 'str' object has no attribute 'get'
[2025-05-26T10:35:44.488416] [ERROR] 'str' object has no attribute 'get'
[2025-05-26T10:36:44.494496] [ERROR] 'str' object has no attribute 'get'
[2025-05-26T10:37:44.500916] [ERROR] 'str' object has no attribute 'get'
[2025-05-26T10:38:44.506759] [ERROR] 'str' object has no attribute 'get'
[2025-05-26T10:39:51.288823] [ERROR] 'str' object has no attribute 'get'
[2025-05-26T10:43:39.083957] [ERROR] 'str' object has no attribute 'get'
[2025-05-26T10:44:53.078438] [ERROR] 'str' object has no attribute 'get'
[2025-05-26T10:45:53.083651] [ERROR] 'str' object has no attribute 'get'
[2025-05-26T10:47:07.329515] [ERROR] 'str' object has no attribute 'get'
[2025-05-26T10:48:21.661950] [ERROR] 'str' object has no attribute 'get'
[2025-05-26T10:49:21.668644] [ERROR] 'str' object has no attribute 'get'
[2025-05-26T10:50:21.763421] [ERROR] 'str' object has no attribute 'get'
[2025-05-26T10:51:35.256943] [ERROR] 'str' object has no attribute 'get'
[2025-05-26T10:52:35.264337] [ERROR] 'str' object has no attribute 'get'
[2025-05-26T11:00:05.033664] [ERROR] 'str' object has no attribute 'get'
[2025-05-26T11:08:28.316408] [ERROR] 'str' object has no attribute 'get'
[2025-05-26T11:09:50.870184] [ERROR] 'str' object has no attribute 'get'
[2025-05-26T11:12:03.484821] [ERROR] 'str' object has no attribute 'get'
[2025-05-26T11:13:03.490942] [ERROR] 'str' object has no attribute 'get'
[2025-05-26T11:14:03.497750] [ERROR] 'str' object has no attribute 'get'
[2025-05-26T11:21:17.090299] [ERROR] 'str' object has no attribute 'get'
[2025-05-26T11:28:52.605350] [ERROR] 'str' object has no attribute 'get'
[2025-05-26T11:29:53.063347] [ERROR] 'str' object has no attribute 'get'
[2025-05-26T11:30:53.295891] [ERROR] 'str' object has no attribute 'get'
[2025-05-26T11:31:53.558859] [ERROR] 'str' object has no attribute 'get'
[2025-05-26T11:32:53.565094] [ERROR] 'str' object has no attribute 'get'
[2025-05-26T11:33:53.729594] [ERROR] 'str' object has no attribute 'get'
[2025-05-26T11:34:53.779623] [ERROR] 'str' object has no attribute 'get'
[2025-05-26T11:35:53.787605] [ERROR] 'str' object has no attribute 'get'
[2025-05-26T11:36:53.795396] [ERROR] 'str' object has no attribute 'get'
[2025-05-26T11:37:53.905161] [ERROR] 'str' object has no attribute 'get'
[2025-05-26T11:38:53.912337] [ERROR] 'str' object has no attribute 'get'
[2025-05-26T11:39:53.919675] [ERROR] 'str' object has no attribute 'get'
[2025-05-26T11:41:07.883542] [ERROR] 'str' object has no attribute 'get'
[2025-05-26T11:42:07.959880] [ERROR] 'str' object has no attribute 'get'
[2025-05-26T11:43:09.907783] [ERROR] 'str' object has no attribute 'get'
[2025-05-26T11:49:47.719192] [ERROR] 'str' object has no attribute 'get'
[2025-05-26T11:53:11.819364] [ERROR] 'str' object has no attribute 'get'
[2025-05-26T12:00:01.083060] [ERROR] 'str' object has no attribute 'get'
[2025-05-26T12:09:18.073535] [ERROR] 'str' object has no attribute 'get'
[2025-05-26T12:13:06.770292] [ERROR] 'str' object has no attribute 'get'
[2025-05-26T12:18:16.079639] [ERROR] 'str' object has no attribute 'get'
[2025-05-26T12:26:10.810427] [ERROR] 'str' object has no attribute 'get'
[2025-05-26T12:27:21.915842] [ERROR] 'str' object has no attribute 'get'
[2025-05-26T12:30:09.059018] [ERROR] 'str' object has no attribute 'get'
[2025-05-26T12:38:20.363699] [ERROR] 'str' object has no attribute 'get'
[2025-05-26T12:41:02.720280] [ERROR] 'str' object has no attribute 'get'
[2025-05-26T12:46:18.971884] [ERROR] 'str' object has no attribute 'get'
[2025-05-26T12:50:43.544135] [ERROR] 'str' object has no attribute 'get'
[2025-05-26T12:51:43.550969] [ERROR] 'str' object has no attribute 'get'
[2025-05-26T12:52:43.552638] [ERROR] 'str' object has no attribute 'get'
[2025-05-26T12:53:43.554214] [ERROR] 'str' object has no attribute 'get'
[2025-05-26T12:54:43.559505] [ERROR] 'str' object has no attribute 'get'
[2025-05-26T12:55:43.562493] [ERROR] 'str' object has no attribute 'get'
[2025-05-26T12:56:43.564635] [ERROR] 'str' object has no attribute 'get'
[2025-05-26T12:57:43.566651] [ERROR] 'str' object has no attribute 'get'
[2025-05-26T12:58:43.573770] [ERROR] 'str' object has no attribute 'get'
[2025-05-26T13:00:19.866015] [ERROR] 'str' object has no attribute 'get'
[2025-05-26T13:04:54.727537] [ERROR] 'str' object has no attribute 'get'
[2025-05-26T13:07:22.380832] [ERROR] 'str' object has no attribute 'get'
[2025-05-26T13:08:30.352080] [ERROR] 'str' object has no attribute 'get'
[2025-05-26T13:11:41.355090] [ERROR] 'str' object has no attribute 'get'
[2025-05-26T13:15:30.057389] [ERROR] 'str' object has no attribute 'get'
[2025-05-26T13:19:18.085518] [ERROR] 'str' object has no attribute 'get'
[2025-05-26T13:23:56.199825] [ERROR] 'str' object has no attribute 'get'
[2025-05-26T13:26:44.331813] [ERROR] 'str' object has no attribute 'get'
[2025-05-26T13:34:21.923121] [ERROR] 'str' object has no attribute 'get'
[2025-05-26T13:35:21.950066] [ERROR] 'str' object has no attribute 'get'
[2025-05-26T13:36:21.959323] [ERROR] 'str' object has no attribute 'get'
[2025-05-26T13:37:21.972302] [ERROR] 'str' object has no attribute 'get'
[2025-05-26T13:38:21.976466] [ERROR] 'str' object has no attribute 'get'
[2025-05-26T13:39:21.982071] [ERROR] 'str' object has no attribute 'get'
[2025-05-26T13:40:21.987307] [ERROR] 'str' object has no attribute 'get'
[2025-05-26T13:41:21.997682] [ERROR] 'str' object has no attribute 'get'
[2025-05-26T13:42:22.004663] [ERROR] 'str' object has no attribute 'get'
[2025-05-26T13:43:22.010403] [ERROR] 'str' object has no attribute 'get'
[2025-05-26T13:44:22.017556] [ERROR] 'str' object has no attribute 'get'
[2025-05-26T13:45:25.629941] [ERROR] 'str' object has no attribute 'get'
[2025-05-26T13:52:20.957810] [ERROR] 'str' object has no attribute 'get'
[2025-05-26T14:00:25.344068] [ERROR] 'str' object has no attribute 'get'
[2025-05-26T14:01:25.351508] [ERROR] 'str' object has no attribute 'get'
[2025-05-26T14:02:29.118103] [ERROR] 'str' object has no attribute 'get'
[2025-05-26T14:05:55.205907] [ERROR] 'str' object has no attribute 'get'
[2025-05-26T14:06:55.213026] [ERROR] 'str' object has no attribute 'get'
[2025-05-26T14:11:09.107446] [ERROR] 'str' object has no attribute 'get'
[2025-05-26T14:17:17.427982] [ERROR] 'str' object has no attribute 'get'
[2025-05-26T14:18:17.432782] [ERROR] 'str' object has no attribute 'get'
[2025-05-26T14:26:23.748402] [ERROR] 'str' object has no attribute 'get'
[2025-05-26T14:30:33.613219] [ERROR] 'str' object has no attribute 'get'
[2025-05-26T14:31:33.622922] [ERROR] 'str' object has no attribute 'get'
[2025-05-26T14:33:11.272691] [ERROR] 'str' object has no attribute 'get'
[2025-05-26T14:38:48.150698] [ERROR] 'str' object has no attribute 'get'
[2025-05-26T14:39:48.159587] [ERROR] 'str' object has no attribute 'get'
[2025-05-26T14:42:27.000051] [ERROR] 'str' object has no attribute 'get'
[2025-05-26T14:49:04.812477] [ERROR] 'str' object has no attribute 'get'
[2025-05-26T14:51:20.857913] [ERROR] 'str' object has no attribute 'get'
[2025-05-26T14:59:17.315979] [ERROR] 'str' object has no attribute 'get'
[2025-05-26T15:02:59.760225] [ERROR] 'str' object has no attribute 'get'
[2025-05-26T15:03:59.765274] [ERROR] 'str' object has no attribute 'get'
[2025-05-26T15:12:29.842083] [ERROR] 'str' object has no attribute 'get'
[2025-05-26T15:24:38.529123] [ERROR] 'str' object has no attribute 'get'
[2025-05-26T15:27:23.033682] [ERROR] 'str' object has no attribute 'get'
[2025-05-26T15:30:39.131402] [ERROR] 'str' object has no attribute 'get'
[2025-05-26T15:31:39.134078] [ERROR] 'str' object has no attribute 'get'
[2025-05-26T15:32:39.137771] [ERROR] 'str' object has no attribute 'get'
[2025-05-26T15:33:39.145816] [ERROR] 'str' object has no attribute 'get'
[2025-05-26T15:34:39.149280] [ERROR] 'str' object has no attribute 'get'
[2025-05-26T15:35:39.153808] [ERROR] 'str' object has no attribute 'get'
[2025-05-26T15:36:39.160262] [ERROR] 'str' object has no attribute 'get'
[2025-05-26T15:37:39.170831] [ERROR] 'str' object has no attribute 'get'
[2025-05-26T15:38:39.174640] [ERROR] 'str' object has no attribute 'get'
[2025-05-26T15:39:39.178810] [ERROR] 'str' object has no attribute 'get'
[2025-05-26T15:40:39.181105] [ERROR] 'str' object has no attribute 'get'
[2025-05-26T15:41:39.184086] [ERROR] 'str' object has no attribute 'get'
[2025-05-26T15:42:39.187033] [ERROR] 'str' object has no attribute 'get'
[2025-05-26T15:43:39.188764] [ERROR] 'str' object has no attribute 'get'
[2025-05-26T15:44:39.190722] [ERROR] 'str' object has no attribute 'get'
[2025-05-26T15:45:39.196922] [ERROR] 'str' object has no attribute 'get'
[2025-05-26T15:46:39.203958] [ERROR] 'str' object has no attribute 'get'
[2025-05-26T15:47:39.210799] [ERROR] 'str' object has no attribute 'get'
[2025-05-26T15:48:39.216004] [ERROR] 'str' object has no attribute 'get'
[2025-05-26T15:54:02.098814] [ERROR] 'str' object has no attribute 'get'
[2025-05-26T15:55:03.777159] [ERROR] 'str' object has no attribute 'get'
[2025-05-26T15:57:12.182036] [ERROR] 'str' object has no attribute 'get'
[2025-05-26T15:58:12.189261] [ERROR] 'str' object has no attribute 'get'
[2025-05-26T15:59:12.195338] [ERROR] 'str' object has no attribute 'get'
[2025-05-26T16:00:12.199794] [ERROR] 'str' object has no attribute 'get'
[2025-05-26T16:01:12.205218] [ERROR] 'str' object has no attribute 'get'
[2025-05-26T16:02:12.211143] [ERROR] 'str' object has no attribute 'get'
[2025-05-26T16:08:37.712369] [ERROR] 'str' object has no attribute 'get'
[2025-05-26T16:48:07.613150] [ERROR] 'str' object has no attribute 'get'
[2025-05-26T16:49:11.451424] [ERROR] 'str' object has no attribute 'get'
[2025-05-26T16:50:12.081449] [ERROR] 'str' object has no attribute 'get'
[2025-05-26T16:51:12.086230] [ERROR] 'str' object has no attribute 'get'
[2025-05-26T17:03:49.918179] [ERROR] 'str' object has no attribute 'get'
[2025-05-26T17:04:49.926221] [ERROR] 'str' object has no attribute 'get'
[2025-05-26T17:05:49.934707] [ERROR] 'str' object has no attribute 'get'
[2025-05-26T17:06:52.179408] [ERROR] 'str' object has no attribute 'get'
[2025-05-26T17:07:52.426451] [ERROR] 'str' object has no attribute 'get'
[2025-05-26T17:09:28.685448] [ERROR] 'str' object has no attribute 'get'
[2025-05-26T17:10:38.597456] [ERROR] 'str' object has no attribute 'get'
[2025-05-26T17:17:55.276610] [ERROR] 'str' object has no attribute 'get'
[2025-05-26T17:19:30.614773] [ERROR] 'str' object has no attribute 'get'
[2025-05-26T17:20:32.242771] [ERROR] 'str' object has no attribute 'get'
[2025-05-26T17:23:17.877512] [ERROR] 'str' object has no attribute 'get'
[2025-05-26T17:25:03.249911] [ERROR] 'str' object has no attribute 'get'
[2025-05-26T17:26:03.251707] [ERROR] 'str' object has no attribute 'get'
[2025-05-26T17:27:03.256068] [ERROR] 'str' object has no attribute 'get'
[2025-05-26T17:28:03.259198] [ERROR] 'str' object has no attribute 'get'
[2025-05-26T17:29:03.260979] [ERROR] 'str' object has no attribute 'get'
[2025-05-26T17:30:03.263617] [ERROR] 'str' object has no attribute 'get'
[2025-05-26T17:31:03.266895] [ERROR] 'str' object has no attribute 'get'
[2025-05-26T17:36:57.873795] [ERROR] 'str' object has no attribute 'get'
[2025-05-26T17:37:57.906967] [ERROR] 'str' object has no attribute 'get'
[2025-05-26T17:48:10.332512] [ERROR] 'str' object has no attribute 'get'
[2025-05-26T17:49:43.599754] [ERROR] 'str' object has no attribute 'get'
[2025-05-26T17:50:58.342592] [ERROR] 'str' object has no attribute 'get'
[2025-05-26T17:54:18.846456] [ERROR] 'str' object has no attribute 'get'
[2025-05-26T17:59:39.727445] [ERROR] 'str' object has no attribute 'get'
[2025-05-26T18:00:39.753197] [ERROR] 'str' object has no attribute 'get'
[2025-05-26T18:01:39.774193] [ERROR] 'str' object has no attribute 'get'
[2025-05-26T18:02:39.786793] [ERROR] 'str' object has no attribute 'get'
[2025-05-26T18:03:39.794475] [ERROR] 'str' object has no attribute 'get'
[2025-05-26T18:04:39.799247] [ERROR] 'str' object has no attribute 'get'
[2025-05-26T18:05:39.802310] [ERROR] 'str' object has no attribute 'get'
[2025-05-26T18:06:39.805893] [ERROR] 'str' object has no attribute 'get'
[2025-05-26T18:07:39.810574] [ERROR] 'str' object has no attribute 'get'
[2025-05-26T18:08:39.812361] [ERROR] 'str' object has no attribute 'get'
[2025-05-26T18:09:39.815064] [ERROR] 'str' object has no attribute 'get'
[2025-05-26T18:10:39.819865] [ERROR] 'str' object has no attribute 'get'
[2025-05-26T18:11:39.822729] [ERROR] 'str' object has no attribute 'get'
[2025-05-26T18:12:39.823737] [ERROR] 'str' object has no attribute 'get'
[2025-05-26T18:13:39.826503] [ERROR] 'str' object has no attribute 'get'
[2025-05-26T18:14:39.828095] [ERROR] 'str' object has no attribute 'get'
[2025-05-26T18:15:39.829841] [ERROR] 'str' object has no attribute 'get'
[2025-05-26T18:16:39.832103] [ERROR] 'str' object has no attribute 'get'
[2025-05-26T18:17:39.833142] [ERROR] 'str' object has no attribute 'get'
[2025-05-26T18:18:39.835483] [ERROR] 'str' object has no attribute 'get'
[2025-05-26T18:19:39.838176] [ERROR] 'str' object has no attribute 'get'
[2025-05-26T18:20:39.840162] [ERROR] 'str' object has no attribute 'get'
[2025-05-26T18:21:39.843580] [ERROR] 'str' object has no attribute 'get'
[2025-05-26T18:22:39.846137] [ERROR] 'str' object has no attribute 'get'
[2025-05-26T18:23:39.848364] [ERROR] 'str' object has no attribute 'get'
[2025-05-26T18:24:39.851378] [ERROR] 'str' object has no attribute 'get'
[2025-05-26T18:25:39.855152] [ERROR] 'str' object has no attribute 'get'
[2025-05-26T18:26:39.857176] [ERROR] 'str' object has no attribute 'get'
[2025-05-26T18:27:39.858256] [ERROR] 'str' object has no attribute 'get'
[2025-05-26T18:28:39.860174] [ERROR] 'str' object has no attribute 'get'
[2025-05-26T18:29:39.863201] [ERROR] 'str' object has no attribute 'get'
[2025-05-26T18:30:39.867926] [ERROR] 'str' object has no attribute 'get'
[2025-05-26T18:31:39.870094] [ERROR] 'str' object has no attribute 'get'
[2025-05-26T18:32:39.871820] [ERROR] 'str' object has no attribute 'get'
[2025-05-26T18:33:39.873600] [ERROR] 'str' object has no attribute 'get'
[2025-05-26T18:34:39.875327] [ERROR] 'str' object has no attribute 'get'
[2025-05-26T18:35:39.876576] [ERROR] 'str' object has no attribute 'get'
[2025-05-26T18:36:39.878146] [ERROR] 'str' object has no attribute 'get'
[2025-05-26T18:37:39.880147] [ERROR] 'str' object has no attribute 'get'
[2025-05-26T18:38:39.886302] [ERROR] 'str' object has no attribute 'get'
[2025-05-26T18:39:39.893989] [ERROR] 'str' object has no attribute 'get'
[2025-05-26T18:40:39.899962] [ERROR] 'str' object has no attribute 'get'
[2025-05-26T18:41:39.905801] [ERROR] 'str' object has no attribute 'get'
[2025-05-26T18:42:39.907133] [ERROR] 'str' object has no attribute 'get'
[2025-05-26T18:43:39.910716] [ERROR] 'str' object has no attribute 'get'
[2025-05-26T18:44:39.913049] [ERROR] 'str' object has no attribute 'get'
[2025-05-26T18:45:39.914932] [ERROR] 'str' object has no attribute 'get'
[2025-05-26T18:46:39.918087] [ERROR] 'str' object has no attribute 'get'
[2025-05-26T18:47:39.920630] [ERROR] 'str' object has no attribute 'get'
[2025-05-26T18:48:39.925282] [ERROR] 'str' object has no attribute 'get'
[2025-05-26T18:49:39.927142] [ERROR] 'str' object has no attribute 'get'
[2025-05-26T18:50:39.929026] [ERROR] 'str' object has no attribute 'get'
[2025-05-26T18:51:39.930300] [ERROR] 'str' object has no attribute 'get'
[2025-05-26T18:52:39.931646] [ERROR] 'str' object has no attribute 'get'
[2025-05-26T18:53:39.933373] [ERROR] 'str' object has no attribute 'get'
[2025-05-26T18:54:39.934507] [ERROR] 'str' object has no attribute 'get'
[2025-05-26T18:55:39.936279] [ERROR] 'str' object has no attribute 'get'
[2025-05-26T18:56:39.939381] [ERROR] 'str' object has no attribute 'get'
[2025-05-26T18:57:39.941070] [ERROR] 'str' object has no attribute 'get'
[2025-05-26T18:58:39.943113] [ERROR] 'str' object has no attribute 'get'
[2025-05-26T18:59:39.944790] [ERROR] 'str' object has no attribute 'get'
[2025-05-26T19:00:39.946299] [ERROR] 'str' object has no attribute 'get'
[2025-05-26T19:01:39.949125] [ERROR] 'str' object has no attribute 'get'
[2025-05-26T19:02:39.951876] [ERROR] 'str' object has no attribute 'get'
[2025-05-26T19:03:39.955434] [ERROR] 'str' object has no attribute 'get'
[2025-05-26T19:04:39.957966] [ERROR] 'str' object has no attribute 'get'
[2025-05-26T19:05:39.959756] [ERROR] 'str' object has no attribute 'get'
[2025-05-26T19:06:39.963881] [ERROR] 'str' object has no attribute 'get'
[2025-05-26T19:07:39.965699] [ERROR] 'str' object has no attribute 'get'
[2025-05-26T19:08:39.966917] [ERROR] 'str' object has no attribute 'get'
[2025-05-26T19:09:39.970923] [ERROR] 'str' object has no attribute 'get'
[2025-05-26T19:10:39.972444] [ERROR] 'str' object has no attribute 'get'
[2025-05-26T19:11:39.973782] [ERROR] 'str' object has no attribute 'get'
[2025-05-26T19:12:39.976117] [ERROR] 'str' object has no attribute 'get'
[2025-05-26T19:13:39.979286] [ERROR] 'str' object has no attribute 'get'
[2025-05-26T19:14:39.982216] [ERROR] 'str' object has no attribute 'get'
[2025-05-26T19:15:39.984100] [ERROR] 'str' object has no attribute 'get'
[2025-05-26T19:16:39.989076] [ERROR] 'str' object has no attribute 'get'
[2025-05-26T19:17:39.999248] [ERROR] 'str' object has no attribute 'get'
[2025-05-26T19:18:40.001069] [ERROR] 'str' object has no attribute 'get'
[2025-05-26T19:19:40.002230] [ERROR] 'str' object has no attribute 'get'
[2025-05-26T19:20:40.003374] [ERROR] 'str' object has no attribute 'get'
[2025-05-26T19:21:40.009516] [ERROR] 'str' object has no attribute 'get'
[2025-05-26T19:22:40.012671] [ERROR] 'str' object has no attribute 'get'
[2025-05-26T19:23:40.018018] [ERROR] 'str' object has no attribute 'get'
[2025-05-26T19:24:40.029597] [ERROR] 'str' object has no attribute 'get'
[2025-05-26T19:25:40.037586] [ERROR] 'str' object has no attribute 'get'
[2025-05-26T19:26:40.045089] [ERROR] 'str' object has no attribute 'get'
[2025-05-26T19:27:40.048981] [ERROR] 'str' object has no attribute 'get'
[2025-05-26T19:28:40.055185] [ERROR] 'str' object has no attribute 'get'
[2025-05-26T19:31:26.028772] [ERROR] 'str' object has no attribute 'get'
[2025-05-26T19:32:26.032619] [ERROR] 'str' object has no attribute 'get'
[2025-05-26T19:33:26.033955] [ERROR] 'str' object has no attribute 'get'
[2025-05-26T19:34:26.035344] [ERROR] 'str' object has no attribute 'get'
[2025-05-26T19:35:26.037269] [ERROR] 'str' object has no attribute 'get'
[2025-05-26T19:36:26.041941] [ERROR] 'str' object has no attribute 'get'
[2025-05-26T19:37:26.045817] [ERROR] 'str' object has no attribute 'get'
