Traceback (most recent call last):
  File "/data/data/com.termux/files/home/projects/Bubbles-payload/common/council/run_council.py", line 15, in <module>
    from common.black_swan_agent.simulation_engine import run_simulation
ModuleNotFoundError: No module named 'common.black_swan_agent.simulation_engine'
Traceback (most recent call last):
  File "/data/data/com.termux/files/home/projects/Bubbles-payload/common/council/run_council.py", line 15, in <module>
    from common.black_swan_agent.simulation_engine import run_simulation
ModuleNotFoundError: No module named 'common.black_swan_agent.simulation_engine'
Traceback (most recent call last):
  File "/root/projects/Bubbles-payload/common/council/run_council.py", line 15, in <module>
    from common.black_swan_agent.simulation_engine import run_simulation
ModuleNotFoundError: No module named 'common.black_swan_agent.simulation_engine'
Traceback (most recent call last):
  File "/root/projects/Bubbles-payload/common/council/run_council.py", line 15, in <module>
    from common.black_swan_agent.simulation_engine import run_simulation
ModuleNotFoundError: No module named 'common.black_swan_agent.simulation_engine'
Traceback (most recent call last):
  File "/root/projects/Bubbles-payload/common/council/run_council.py", line 15, in <module>
    from common.black_swan_agent.simulation_engine import run_simulation
ModuleNotFoundError: No module named 'common.black_swan_agent.simulation_engine'
Traceback (most recent call last):
  File "/root/projects/Bubbles-payload/common/council/run_council.py", line 15, in <module>
    from common.black_swan_agent.simulation_engine import run_simulation
ModuleNotFoundError: No module named 'common.black_swan_agent.simulation_engine'
Traceback (most recent call last):
  File "/root/projects/Bubbles-payload/common/council/run_council.py", line 15, in <module>
    from common.black_swan_agent.simulation_engine import run_simulation
ModuleNotFoundError: No module named 'common.black_swan_agent.simulation_engine'
Traceback (most recent call last):
  File "/root/projects/Bubbles-payload/common/council/run_council.py", line 15, in <module>
    from common.black_swan_agent.simulation_engine import run_simulation
ModuleNotFoundError: No module named 'common.black_swan_agent.simulation_engine'
Traceback (most recent call last):
  File "/root/projects/Bubbles-payload/common/council/run_council.py", line 15, in <module>
    from common.black_swan_agent.simulation_engine import run_simulation
ModuleNotFoundError: No module named 'common.black_swan_agent.simulation_engine'
Traceback (most recent call last):
  File "/root/projects/Bubbles-payload/common/council/run_council.py", line 15, in <module>
    from common.black_swan_agent.simulation_engine import run_simulation
ModuleNotFoundError: No module named 'common.black_swan_agent.simulation_engine'
Traceback (most recent call last):
  File "/root/projects/Bubbles-payload/common/council/run_council.py", line 15, in <module>
    from common.black_swan_agent.simulation_engine import run_simulation
ModuleNotFoundError: No module named 'common.black_swan_agent.simulation_engine'
Traceback (most recent call last):
  File "/root/projects/Bubbles-payload/common/council/run_council.py", line 15, in <module>
    from common.black_swan_agent.simulation_engine import run_simulation
ModuleNotFoundError: No module named 'common.black_swan_agent.simulation_engine'
Traceback (most recent call last):
  File "/root/projects/Bubbles-payload/common/council/run_council.py", line 15, in <module>
    from common.black_swan_agent.simulation_engine import run_simulation
ModuleNotFoundError: No module named 'common.black_swan_agent.simulation_engine'
Traceback (most recent call last):
  File "/root/projects/Bubbles-payload/common/council/run_council.py", line 15, in <module>
    from common.black_swan_agent.simulation_engine import run_simulation
ModuleNotFoundError: No module named 'common.black_swan_agent.simulation_engine'
Traceback (most recent call last):
  File "/root/projects/Bubbles-payload/common/council/run_council.py", line 15, in <module>
    from common.black_swan_agent.simulation_engine import run_simulation
ModuleNotFoundError: No module named 'common.black_swan_agent.simulation_engine'
Traceback (most recent call last):
  File "/root/projects/Bubbles-payload/common/council/run_council.py", line 15, in <module>
    from common.black_swan_agent.simulation_engine import run_simulation
ModuleNotFoundError: No module named 'common.black_swan_agent.simulation_engine'
Traceback (most recent call last):
  File "/root/projects/Bubbles-payload/common/council/run_council.py", line 2, in <module>
    from common.black_swan_agent.simulation_engine import run_simulation
ModuleNotFoundError: No module named 'common'
Traceback (most recent call last):
  File "/root/projects/Bubbles-payload/common/council/run_council.py", line 2, in <module>
    from common.black_swan_agent.simulation_engine import run_simulation
ModuleNotFoundError: No module named 'common'
  File "/root/projects/Bubbles-payload/common/council/run_council.py", line 44
    with open("common/logs/telemetry.log", "a") as fl:
IndentationError: expected an indented block after 'with' statement on line 43
  File "/root/projects/Bubbles-payload/common/council/run_council.py", line 44
    with open("common/logs/telemetry.log", "a") as fl:
IndentationError: expected an indented block after 'with' statement on line 43
  File "/root/projects/Bubbles-payload/common/council/run_council.py", line 44
    with open("common/logs/telemetry.log", "a") as fl:
IndentationError: expected an indented block after 'with' statement on line 43
  File "/root/projects/Bubbles-payload/common/council/run_council.py", line 44
    with open("common/logs/telemetry.log", "a") as fl:
IndentationError: expected an indented block after 'with' statement on line 43
  File "/root/projects/Bubbles-payload/common/council/run_council.py", line 44
    with open("common/logs/telemetry.log", "a") as fl:
IndentationError: expected an indented block after 'with' statement on line 43
Traceback (most recent call last):
  File "/usr/lib/python3.10/runpy.py", line 187, in _run_module_as_main
    mod_name, mod_spec, code = _get_module_details(mod_name, _Error)
  File "/usr/lib/python3.10/runpy.py", line 157, in _get_module_details
    code = loader.get_code(mod_name)
  File "<frozen importlib._bootstrap_external>", line 1017, in get_code
  File "<frozen importlib._bootstrap_external>", line 947, in source_to_code
  File "<frozen importlib._bootstrap>", line 241, in _call_with_frames_removed
  File "/root/projects/Bubbles-payload/common/council/run_council.py", line 44
    with open("common/logs/telemetry.log", "a") as fl:
IndentationError: expected an indented block after 'with' statement on line 43
