Traceback (most recent call last):
  File "/data/data/com.termux/files/home/projects/Bubbles-payload/funpumper/fun_reflection_loop.py", line 7, in <module>
    from common.black_swan_agent.mutation_memory import load_memory
ModuleNotFoundError: No module named 'common'
Traceback (most recent call last):
  File "/data/data/com.termux/files/home/projects/Bubbles-payload/funpumper/fun_reflection_loop.py", line 7, in <module>
    from common.black_swan_agent.mutation_memory import load_memory
ModuleNotFoundError: No module named 'common'
Traceback (most recent call last):
  File "/data/data/com.termux/files/home/projects/Bubbles-payload/funpumper/fun_reflection_loop.py", line 7, in <module>
    from common.black_swan_agent.mutation_memory import load_memory
ModuleNotFoundError: No module named 'common'
Traceback (most recent call last):
  File "/data/data/com.termux/files/home/projects/Bubbles-payload/funpumper/fun_reflection_loop.py", line 7, in <module>
    from common.black_swan_agent.mutation_memory import load_memory
ModuleNotFoundError: No module named 'common'
Traceback (most recent call last):
  File "/data/data/com.termux/files/home/projects/Bubbles-payload/funpumper/fun_reflection_loop.py", line 7, in <module>
    from common.black_swan_agent.mutation_memory import load_memory
ModuleNotFoundError: No module named 'common'
Traceback (most recent call last):
  File "/root/projects/Bubbles-payload/funpumper/fun_reflection_loop.py", line 76, in <module>
    loop()
  File "/root/projects/Bubbles-payload/funpumper/fun_reflection_loop.py", line 73, in loop
    time.sleep(3600)  # Reflect once per hour
KeyboardInterrupt
Traceback (most recent call last):
  File "/root/projects/Bubbles-payload/funpumper/fun_reflection_loop.py", line 76, in <module>
    loop()
  File "/root/projects/Bubbles-payload/funpumper/fun_reflection_loop.py", line 73, in loop
    time.sleep(3600)  # Reflect once per hour
KeyboardInterrupt
Traceback (most recent call last):
  File "/root/projects/Bubbles-payload/funpumper/fun_reflection_loop.py", line 69, in <module>
Traceback (most recent call last):
  File "/root/projects/Bubbles-payload/funpumper/fun_reflection_loop.py", line 69, in <module>
    loop()
  File "/root/projects/Bubbles-payload/funpumper/fun_reflection_loop.py", line 66, in loop
    time.sleep(60)
KeyboardInterrupt
Traceback (most recent call last):
  File "/root/projects/Bubbles-payload/funpumper/fun_reflection_loop.py", line 2, in <module>
    from common.black_swan_agent.mutation_memory import load_memory, save_memory
ModuleNotFoundError: No module named 'common'
Traceback (most recent call last):
  File "/root/projects/Bubbles-payload/funpumper/fun_reflection_loop.py", line 2, in <module>
    from common.black_swan_agent.mutation_memory import load_memory, save_memory
ModuleNotFoundError: No module named 'common'
  File "/root/projects/Bubbles-payload/funpumper/fun_reflection_loop.py", line 63
    with open("common/logs/telemetry.log", "a") as fl:
IndentationError: expected an indented block after 'for' statement on line 62
  File "/root/projects/Bubbles-payload/funpumper/fun_reflection_loop.py", line 63
    with open("common/logs/telemetry.log", "a") as fl:
IndentationError: expected an indented block after 'for' statement on line 62
  File "/root/projects/Bubbles-payload/funpumper/fun_reflection_loop.py", line 63
    with open("common/logs/telemetry.log", "a") as fl:
IndentationError: expected an indented block after 'for' statement on line 62
  File "/root/projects/Bubbles-payload/funpumper/fun_reflection_loop.py", line 63
    with open("common/logs/telemetry.log", "a") as fl:
IndentationError: expected an indented block after 'for' statement on line 62
  File "/root/projects/Bubbles-payload/funpumper/fun_reflection_loop.py", line 63
    with open("common/logs/telemetry.log", "a") as fl:
IndentationError: expected an indented block after 'for' statement on line 62
Traceback (most recent call last):
  File "/usr/lib/python3.10/runpy.py", line 187, in _run_module_as_main
    mod_name, mod_spec, code = _get_module_details(mod_name, _Error)
  File "/usr/lib/python3.10/runpy.py", line 157, in _get_module_details
    code = loader.get_code(mod_name)
  File "<frozen importlib._bootstrap_external>", line 1017, in get_code
  File "<frozen importlib._bootstrap_external>", line 947, in source_to_code
  File "<frozen importlib._bootstrap>", line 241, in _call_with_frames_removed
  File "/root/projects/Bubbles-payload/funpumper/fun_reflection_loop.py", line 63
    with open("common/logs/telemetry.log", "a") as fl:
IndentationError: expected an indented block after 'for' statement on line 62
Traceback (most recent call last):
  File "/usr/lib/python3.10/runpy.py", line 187, in _run_module_as_main
    mod_name, mod_spec, code = _get_module_details(mod_name, _Error)
  File "/usr/lib/python3.10/runpy.py", line 157, in _get_module_details
    code = loader.get_code(mod_name)
  File "<frozen importlib._bootstrap_external>", line 1017, in get_code
  File "<frozen importlib._bootstrap_external>", line 947, in source_to_code
  File "<frozen importlib._bootstrap>", line 241, in _call_with_frames_removed
  File "/root/projects/Bubbles-payload/funpumper/fun_reflection_loop.py", line 63
    with open("common/logs/telemetry.log", "a") as fl:
IndentationError: expected an indented block after 'for' statement on line 62
