Traceback (most recent call last):
  File "/data/data/com.termux/files/home/projects/Bubbles-payload/funpumper/fun_purger_loop.py", line 6, in <module>
    from common.black_swan_agent.mutation_memory import load_memory, save_memory
ModuleNotFoundError: No module named 'common'
Traceback (most recent call last):
  File "/data/data/com.termux/files/home/projects/Bubbles-payload/funpumper/fun_purger_loop.py", line 6, in <module>
    from common.black_swan_agent.mutation_memory import load_memory, save_memory
ModuleNotFoundError: No module named 'common'
Traceback (most recent call last):
  File "/data/data/com.termux/files/home/projects/Bubbles-payload/funpumper/fun_purger_loop.py", line 6, in <module>
    from common.black_swan_agent.mutation_memory import load_memory, save_memory
ModuleNotFoundError: No module named 'common'
Traceback (most recent call last):
  File "/data/data/com.termux/files/home/projects/Bubbles-payload/funpumper/fun_purger_loop.py", line 6, in <module>
    from common.black_swan_agent.mutation_memory import load_memory, save_memory
ModuleNotFoundError: No module named 'common'
Traceback (most recent call last):
  File "/data/data/com.termux/files/home/projects/Bubbles-payload/funpumper/fun_purger_loop.py", line 6, in <module>
    from common.black_swan_agent.mutation_memory import load_memory, save_memory
ModuleNotFoundError: No module named 'common'
Traceback (most recent call last):
  File "/root/projects/Bubbles-payload/funpumper/fun_purger_loop.py", line 306, in <module>
    loop()
  File "/root/projects/Bubbles-payload/funpumper/fun_purger_loop.py", line 298, in loop
    evaluate()
  File "/root/projects/Bubbles-payload/funpumper/fun_purger_loop.py", line 253, in evaluate
    price = fetch_price(mint) or 0.0
  File "/root/projects/Bubbles-payload/funpumper/fun_purger_loop.py", line 62, in fetch_price
    return get_token_price(mint)
  File "/root/projects/Bubbles-payload/funpumper/helius_utils.py", line 58, in get_token_price
    ws_data = json.load(open(LIVE_WS_PATH))
  File "/usr/lib/python3.10/json/__init__.py", line 293, in load
    return loads(fp.read(),
  File "/usr/lib/python3.10/json/__init__.py", line 346, in loads
    return _default_decoder.decode(s)
  File "/usr/lib/python3.10/json/decoder.py", line 337, in decode
    obj, end = self.raw_decode(s, idx=_w(s, 0).end())
  File "/usr/lib/python3.10/json/decoder.py", line 353, in raw_decode
    obj, end = self.scan_once(s, idx)
KeyboardInterrupt
Traceback (most recent call last):
  File "/root/projects/Bubbles-payload/funpumper/fun_purger_loop.py", line 306, in <module>
    loop()
  File "/root/projects/Bubbles-payload/funpumper/fun_purger_loop.py", line 302, in loop
    time.sleep(1)
KeyboardInterrupt
[2025-06-02T23:33:54.510930] [ERROR] TypeError('string indices must be integers')
[2025-06-02T23:33:55.530131] [ERROR] TypeError('string indices must be integers')
[2025-06-02T23:33:56.541241] [ERROR] TypeError('string indices must be integers')
[2025-06-02T23:33:57.558971] [ERROR] TypeError('string indices must be integers')
[2025-06-02T23:33:58.568608] [ERROR] TypeError('string indices must be integers')
[2025-06-02T23:33:59.580457] [ERROR] TypeError('string indices must be integers')
[2025-06-02T23:34:00.590490] [ERROR] TypeError('string indices must be integers')
[2025-06-02T23:34:01.601933] [ERROR] TypeError('string indices must be integers')
[2025-06-02T23:34:02.612048] [ERROR] TypeError('string indices must be integers')
[2025-06-02T23:34:03.622833] [ERROR] TypeError('string indices must be integers')
[2025-06-02T23:34:04.634838] [ERROR] TypeError('string indices must be integers')
[2025-06-02T23:34:05.644010] [ERROR] TypeError('string indices must be integers')
[2025-06-02T23:34:06.655331] [ERROR] TypeError('string indices must be integers')
[2025-06-02T23:34:07.666470] [ERROR] TypeError('string indices must be integers')
[2025-06-02T23:34:08.677577] [ERROR] TypeError('string indices must be integers')
[2025-06-02T23:34:09.687041] [ERROR] TypeError('string indices must be integers')
[2025-06-02T23:34:10.698141] [ERROR] TypeError('string indices must be integers')
[2025-06-02T23:34:11.709113] [ERROR] TypeError('string indices must be integers')
[2025-06-02T23:34:12.718291] [ERROR] TypeError('string indices must be integers')
[2025-06-02T23:34:13.736788] [ERROR] TypeError('string indices must be integers')
[2025-06-02T23:34:14.748078] [ERROR] TypeError('string indices must be integers')
[2025-06-02T23:34:15.760450] [ERROR] TypeError('string indices must be integers')
[2025-06-02T23:34:16.772242] [ERROR] TypeError('string indices must be integers')
[2025-06-02T23:34:17.783963] [ERROR] TypeError('string indices must be integers')
[2025-06-02T23:34:18.794640] [ERROR] TypeError('string indices must be integers')
[2025-06-02T23:34:19.805254] [ERROR] TypeError('string indices must be integers')
[2025-06-02T23:34:20.816544] [ERROR] TypeError('string indices must be integers')
[2025-06-02T23:34:21.828146] [ERROR] TypeError('string indices must be integers')
[2025-06-02T23:34:22.840783] [ERROR] TypeError('string indices must be integers')
[2025-06-02T23:34:23.859461] [ERROR] TypeError('string indices must be integers')
[2025-06-02T23:34:24.870888] [ERROR] TypeError('string indices must be integers')
[2025-06-02T23:34:25.885960] [ERROR] TypeError('string indices must be integers')
[2025-06-02T23:34:26.897075] [ERROR] TypeError('string indices must be integers')
[2025-06-02T23:34:27.908140] [ERROR] TypeError('string indices must be integers')
[2025-06-02T23:34:28.919646] [ERROR] TypeError('string indices must be integers')
[2025-06-02T23:34:29.930661] [ERROR] TypeError('string indices must be integers')
[2025-06-02T23:34:30.942828] [ERROR] TypeError('string indices must be integers')
[2025-06-02T23:34:31.954234] [ERROR] TypeError('string indices must be integers')
[2025-06-02T23:34:32.965606] [ERROR] TypeError('string indices must be integers')
[2025-06-02T23:34:33.976539] [ERROR] TypeError('string indices must be integers')
[2025-06-02T23:34:34.987504] [ERROR] TypeError('string indices must be integers')
[2025-06-02T23:34:36.006188] [ERROR] TypeError('string indices must be integers')
[2025-06-02T23:34:37.021021] [ERROR] TypeError('string indices must be integers')
[2025-06-02T23:34:38.032242] [ERROR] TypeError('string indices must be integers')
[2025-06-02T23:34:39.043522] [ERROR] TypeError('string indices must be integers')
[2025-06-02T23:34:40.053213] [ERROR] TypeError('string indices must be integers')
[2025-06-02T23:34:41.064676] [ERROR] TypeError('string indices must be integers')
[2025-06-02T23:34:42.075719] [ERROR] TypeError('string indices must be integers')
[2025-06-02T23:34:43.085811] [ERROR] TypeError('string indices must be integers')
[2025-06-02T23:34:44.096938] [ERROR] TypeError('string indices must be integers')
[2025-06-02T23:34:45.108038] [ERROR] TypeError('string indices must be integers')
[2025-06-02T23:34:46.119071] [ERROR] TypeError('string indices must be integers')
[2025-06-02T23:34:47.129579] [ERROR] TypeError('string indices must be integers')
[2025-06-02T23:34:48.141966] [ERROR] TypeError('string indices must be integers')
[2025-06-02T23:34:49.153185] [ERROR] TypeError('string indices must be integers')
[2025-06-02T23:34:50.166994] [ERROR] TypeError('string indices must be integers')
[2025-06-02T23:34:51.178334] [ERROR] TypeError('string indices must be integers')
[2025-06-02T23:34:52.191229] [ERROR] TypeError('string indices must be integers')
[2025-06-02T23:34:53.202387] [ERROR] TypeError('string indices must be integers')
[2025-06-02T23:34:54.213674] [ERROR] TypeError('string indices must be integers')
[2025-06-02T23:34:55.231275] [ERROR] TypeError('string indices must be integers')
[2025-06-02T23:34:56.251571] [ERROR] TypeError('string indices must be integers')
[2025-06-02T23:34:57.269545] [ERROR] TypeError('string indices must be integers')
[2025-06-02T23:34:58.280979] [ERROR] TypeError('string indices must be integers')
[2025-06-02T23:34:59.292190] [ERROR] TypeError('string indices must be integers')
[2025-06-02T23:35:00.303266] [ERROR] TypeError('string indices must be integers')
[2025-06-02T23:35:01.313009] [ERROR] TypeError('string indices must be integers')
[2025-06-02T23:35:02.324466] [ERROR] TypeError('string indices must be integers')
[2025-06-02T23:35:03.336763] [ERROR] TypeError('string indices must be integers')
[2025-06-02T23:35:04.349093] [ERROR] TypeError('string indices must be integers')
[2025-06-02T23:35:05.360573] [ERROR] TypeError('string indices must be integers')
[2025-06-02T23:35:06.372004] [ERROR] TypeError('string indices must be integers')
[2025-06-02T23:35:07.383330] [ERROR] TypeError('string indices must be integers')
[2025-06-02T23:35:08.394454] [ERROR] TypeError('string indices must be integers')
[2025-06-02T23:35:09.405698] [ERROR] TypeError('string indices must be integers')
[2025-06-02T23:35:10.417064] [ERROR] TypeError('string indices must be integers')
[2025-06-02T23:35:11.435574] [ERROR] TypeError('string indices must be integers')
[2025-06-02T23:35:12.446612] [ERROR] TypeError('string indices must be integers')
[2025-06-02T23:35:13.462210] [ERROR] TypeError('string indices must be integers')
[2025-06-02T23:35:14.478171] [ERROR] TypeError('string indices must be integers')
[2025-06-02T23:35:15.494366] [ERROR] TypeError('string indices must be integers')
[2025-06-02T23:35:16.504317] [ERROR] TypeError('string indices must be integers')
[2025-06-02T23:35:17.515640] [ERROR] TypeError('string indices must be integers')
[2025-06-02T23:35:18.529480] [ERROR] TypeError('string indices must be integers')
[2025-06-02T23:35:19.542350] [ERROR] TypeError('string indices must be integers')
[2025-06-02T23:35:20.560315] [ERROR] TypeError('string indices must be integers')
[2025-06-02T23:35:21.571425] [ERROR] TypeError('string indices must be integers')
[2025-06-02T23:35:22.582653] [ERROR] TypeError('string indices must be integers')
[2025-06-02T23:35:23.594098] [ERROR] TypeError('string indices must be integers')
[2025-06-02T23:35:24.605392] [ERROR] TypeError('string indices must be integers')
Traceback (most recent call last):
  File "/root/projects/Bubbles-payload/funpumper/fun_purger_loop.py", line 109, in <module>
    loop()
  File "/root/projects/Bubbles-payload/funpumper/fun_purger_loop.py", line 106, in loop
    time.sleep(1)
KeyboardInterrupt
[2025-06-02T23:36:15.972199] [ERROR] TypeError('string indices must be integers')
[2025-06-02T23:36:16.985624] [ERROR] TypeError('string indices must be integers')
[2025-06-02T23:36:17.997441] [ERROR] TypeError('string indices must be integers')
[2025-06-02T23:36:19.008604] [ERROR] TypeError('string indices must be integers')
[2025-06-02T23:36:20.020220] [ERROR] TypeError('string indices must be integers')
[2025-06-02T23:36:21.033150] [ERROR] TypeError('string indices must be integers')
[2025-06-02T23:36:22.043673] [ERROR] TypeError('string indices must be integers')
[2025-06-02T23:36:23.054942] [ERROR] TypeError('string indices must be integers')
[2025-06-02T23:36:24.069272] [ERROR] TypeError('string indices must be integers')
[2025-06-02T23:36:25.084110] [ERROR] TypeError('string indices must be integers')
[2025-06-02T23:36:26.099248] [ERROR] TypeError('string indices must be integers')
[2025-06-02T23:36:27.110295] [ERROR] TypeError('string indices must be integers')
[2025-06-02T23:36:28.121306] [ERROR] TypeError('string indices must be integers')
[2025-06-02T23:36:29.132384] [ERROR] TypeError('string indices must be integers')
[2025-06-02T23:36:30.144216] [ERROR] TypeError('string indices must be integers')
[2025-06-02T23:36:31.159096] [ERROR] TypeError('string indices must be integers')
[2025-06-02T23:36:32.179040] [ERROR] TypeError('string indices must be integers')
[2025-06-02T23:36:33.198336] [ERROR] TypeError('string indices must be integers')
[2025-06-02T23:36:34.209581] [ERROR] TypeError('string indices must be integers')
[2025-06-02T23:36:35.227250] [ERROR] TypeError('string indices must be integers')
[2025-06-02T23:36:36.244794] [ERROR] TypeError('string indices must be integers')
[2025-06-02T23:36:37.262293] [ERROR] TypeError('string indices must be integers')
[2025-06-02T23:36:38.280502] [ERROR] TypeError('string indices must be integers')
[2025-06-02T23:36:39.298331] [ERROR] TypeError('string indices must be integers')
[2025-06-02T23:36:40.307671] [ERROR] TypeError('string indices must be integers')
[2025-06-02T23:36:41.324999] [ERROR] TypeError('string indices must be integers')
[2025-06-02T23:36:42.342736] [ERROR] TypeError('string indices must be integers')
[2025-06-02T23:36:43.360587] [ERROR] TypeError('string indices must be integers')
[2025-06-02T23:36:44.372313] [ERROR] TypeError('string indices must be integers')
[2025-06-02T23:36:45.384196] [ERROR] TypeError('string indices must be integers')
[2025-06-02T23:36:46.397322] [ERROR] TypeError('string indices must be integers')
[2025-06-02T23:36:47.408533] [ERROR] TypeError('string indices must be integers')
[2025-06-02T23:36:48.419895] [ERROR] TypeError('string indices must be integers')
[2025-06-02T23:36:49.431303] [ERROR] TypeError('string indices must be integers')
[2025-06-02T23:36:50.442636] [ERROR] TypeError('string indices must be integers')
[2025-06-02T23:36:51.454239] [ERROR] TypeError('string indices must be integers')
[2025-06-02T23:36:52.466861] [ERROR] TypeError('string indices must be integers')
[2025-06-02T23:36:53.482712] [ERROR] TypeError('string indices must be integers')
[2025-06-02T23:36:54.504372] [ERROR] TypeError('string indices must be integers')
[2025-06-02T23:36:55.515662] [ERROR] TypeError('string indices must be integers')
[2025-06-02T23:36:56.529875] [ERROR] TypeError('string indices must be integers')
Traceback (most recent call last):
  File "/root/projects/Bubbles-payload/funpumper/fun_purger_loop.py", line 109, in <module>
    loop()
  File "/root/projects/Bubbles-payload/funpumper/fun_purger_loop.py", line 106, in loop
    time.sleep(1)
KeyboardInterrupt
[2025-06-02T23:37:15.806556] [ERROR] TypeError('string indices must be integers')
[2025-06-02T23:37:16.817568] [ERROR] TypeError('string indices must be integers')
[2025-06-02T23:37:17.828225] [ERROR] TypeError('string indices must be integers')
[2025-06-02T23:37:18.839253] [ERROR] TypeError('string indices must be integers')
[2025-06-02T23:37:19.850024] [ERROR] TypeError('string indices must be integers')
[2025-06-02T23:37:20.860426] [ERROR] TypeError('string indices must be integers')
[2025-06-02T23:37:21.871103] [ERROR] TypeError('string indices must be integers')
[2025-06-02T23:37:22.881698] [ERROR] TypeError('string indices must be integers')
[2025-06-02T23:37:23.892877] [ERROR] TypeError('string indices must be integers')
[2025-06-02T23:37:24.903493] [ERROR] TypeError('string indices must be integers')
[2025-06-02T23:37:25.914382] [ERROR] TypeError('string indices must be integers')
[2025-06-02T23:37:26.925299] [ERROR] TypeError('string indices must be integers')
[2025-06-02T23:37:27.939735] [ERROR] TypeError('string indices must be integers')
[2025-06-02T23:37:28.950828] [ERROR] TypeError('string indices must be integers')
[2025-06-02T23:37:29.961707] [ERROR] TypeError('string indices must be integers')
[2025-06-02T23:37:30.972778] [ERROR] TypeError('string indices must be integers')
[2025-06-02T23:37:31.983531] [ERROR] TypeError('string indices must be integers')
[2025-06-02T23:37:32.995352] [ERROR] TypeError('string indices must be integers')
[2025-06-02T23:37:34.006903] [ERROR] TypeError('string indices must be integers')
[2025-06-02T23:37:35.017781] [ERROR] TypeError('string indices must be integers')
[2025-06-02T23:37:36.028266] [ERROR] TypeError('string indices must be integers')
[2025-06-02T23:37:37.041574] [ERROR] TypeError('string indices must be integers')
[2025-06-02T23:37:38.050714] [ERROR] TypeError('string indices must be integers')
[2025-06-02T23:37:39.061453] [ERROR] TypeError('string indices must be integers')
[2025-06-02T23:37:40.072227] [ERROR] TypeError('string indices must be integers')
[2025-06-02T23:37:41.084482] [ERROR] TypeError('string indices must be integers')
[2025-06-02T23:37:42.095572] [ERROR] TypeError('string indices must be integers')
[2025-06-02T23:37:43.106616] [ERROR] TypeError('string indices must be integers')
[2025-06-02T23:37:44.119290] [ERROR] TypeError('string indices must be integers')
[2025-06-02T23:37:45.130279] [ERROR] TypeError('string indices must be integers')
[2025-06-02T23:37:46.141532] [ERROR] TypeError('string indices must be integers')
[2025-06-02T23:37:47.157512] [ERROR] TypeError('string indices must be integers')
[2025-06-02T23:37:48.174093] [ERROR] TypeError('string indices must be integers')
[2025-06-02T23:37:49.193008] [ERROR] TypeError('string indices must be integers')
[2025-06-02T23:37:50.211157] [ERROR] TypeError('string indices must be integers')
[2025-06-02T23:37:51.224141] [ERROR] TypeError('string indices must be integers')
[2025-06-02T23:37:52.235486] [ERROR] TypeError('string indices must be integers')
[2025-06-02T23:37:53.252951] [ERROR] TypeError('string indices must be integers')
[2025-06-02T23:37:54.269525] [ERROR] TypeError('string indices must be integers')
[2025-06-02T23:37:55.287802] [ERROR] TypeError('string indices must be integers')
[2025-06-02T23:37:56.305149] [ERROR] TypeError('string indices must be integers')
[2025-06-02T23:37:57.327975] [ERROR] TypeError('string indices must be integers')
[2025-06-02T23:37:58.345839] [ERROR] TypeError('string indices must be integers')
[2025-06-02T23:37:59.356775] [ERROR] TypeError('string indices must be integers')
[2025-06-02T23:38:00.367707] [ERROR] TypeError('string indices must be integers')
Traceback (most recent call last):
  File "/root/projects/Bubbles-payload/funpumper/fun_purger_loop.py", line 109, in <module>
    loop()
  File "/root/projects/Bubbles-payload/funpumper/fun_purger_loop.py", line 106, in loop
    time.sleep(1)
KeyboardInterrupt
[2025-06-02T23:39:47.213219] [ERROR] TypeError('string indices must be integers')
[2025-06-02T23:39:48.232653] [ERROR] TypeError('string indices must be integers')
[2025-06-02T23:39:49.252065] [ERROR] TypeError('string indices must be integers')
[2025-06-02T23:39:50.263291] [ERROR] TypeError('string indices must be integers')
[2025-06-02T23:39:51.274544] [ERROR] TypeError('string indices must be integers')
[2025-06-02T23:39:52.285414] [ERROR] TypeError('string indices must be integers')
[2025-06-02T23:39:53.295688] [ERROR] TypeError('string indices must be integers')
[2025-06-02T23:39:54.306347] [ERROR] TypeError('string indices must be integers')
[2025-06-02T23:39:55.316775] [ERROR] TypeError('string indices must be integers')
[2025-06-02T23:39:56.328014] [ERROR] TypeError('string indices must be integers')
[2025-06-02T23:39:57.338821] [ERROR] TypeError('string indices must be integers')
[2025-06-02T23:39:58.349862] [ERROR] TypeError('string indices must be integers')
[2025-06-02T23:39:59.361121] [ERROR] TypeError('string indices must be integers')
[2025-06-02T23:40:00.372461] [ERROR] TypeError('string indices must be integers')
[2025-06-02T23:40:01.383535] [ERROR] TypeError('string indices must be integers')
[2025-06-02T23:40:02.395700] [ERROR] TypeError('string indices must be integers')
[2025-06-02T23:40:03.406845] [ERROR] TypeError('string indices must be integers')
[2025-06-02T23:40:04.417694] [ERROR] TypeError('string indices must be integers')
[2025-06-02T23:40:05.429290] [ERROR] TypeError('string indices must be integers')
[2025-06-02T23:40:06.441514] [ERROR] TypeError('string indices must be integers')
[2025-06-02T23:40:07.452366] [ERROR] TypeError('string indices must be integers')
[2025-06-02T23:40:08.463681] [ERROR] TypeError('string indices must be integers')
[2025-06-02T23:40:09.474651] [ERROR] TypeError('string indices must be integers')
[2025-06-02T23:40:10.485566] [ERROR] TypeError('string indices must be integers')
[2025-06-02T23:40:11.496294] [ERROR] TypeError('string indices must be integers')
[2025-06-02T23:40:12.506734] [ERROR] TypeError('string indices must be integers')
[2025-06-02T23:40:13.517815] [ERROR] TypeError('string indices must be integers')
[2025-06-02T23:40:14.529235] [ERROR] TypeError('string indices must be integers')
[2025-06-02T23:40:15.539075] [ERROR] TypeError('string indices must be integers')
[2025-06-02T23:40:16.550119] [ERROR] TypeError('string indices must be integers')
[2025-06-02T23:40:17.568042] [ERROR] TypeError('string indices must be integers')
[2025-06-02T23:40:18.580292] [ERROR] TypeError('string indices must be integers')
[2025-06-02T23:40:19.591475] [ERROR] TypeError('string indices must be integers')
[2025-06-02T23:40:20.609710] [ERROR] TypeError('string indices must be integers')
[2025-06-02T23:40:21.627804] [ERROR] TypeError('string indices must be integers')
[2025-06-02T23:40:22.645947] [ERROR] TypeError('string indices must be integers')
[2025-06-02T23:40:23.663801] [ERROR] TypeError('string indices must be integers')
[2025-06-02T23:40:24.682312] [ERROR] TypeError('string indices must be integers')
[2025-06-02T23:40:25.700643] [ERROR] TypeError('string indices must be integers')
[2025-06-02T23:40:26.713045] [ERROR] TypeError('string indices must be integers')
[2025-06-02T23:40:27.730908] [ERROR] TypeError('string indices must be integers')
[2025-06-02T23:40:28.755190] [ERROR] TypeError('string indices must be integers')
[2025-06-02T23:40:29.773042] [ERROR] TypeError('string indices must be integers')
[2025-06-02T23:40:30.784112] [ERROR] TypeError('string indices must be integers')
[2025-06-02T23:40:31.800336] [ERROR] TypeError('string indices must be integers')
[2025-06-02T23:40:32.818321] [ERROR] TypeError('string indices must be integers')
[2025-06-02T23:40:33.836572] [ERROR] TypeError('string indices must be integers')
[2025-06-02T23:40:34.854618] [ERROR] TypeError('string indices must be integers')
[2025-06-02T23:40:35.865787] [ERROR] TypeError('string indices must be integers')
[2025-06-02T23:40:36.894804] [ERROR] TypeError('string indices must be integers')
[2025-06-02T23:40:37.909488] [ERROR] TypeError('string indices must be integers')
[2025-06-02T23:40:38.920535] [ERROR] TypeError('string indices must be integers')
[2025-06-02T23:40:39.938937] [ERROR] TypeError('string indices must be integers')
[2025-06-02T23:40:40.960134] [ERROR] TypeError('string indices must be integers')
[2025-06-02T23:40:41.977633] [ERROR] TypeError('string indices must be integers')
[2025-06-02T23:40:42.994791] [ERROR] TypeError('string indices must be integers')
[2025-06-02T23:40:44.013257] [ERROR] TypeError('string indices must be integers')
[2025-06-02T23:40:45.030980] [ERROR] TypeError('string indices must be integers')
[2025-06-02T23:40:46.048527] [ERROR] TypeError('string indices must be integers')
[2025-06-02T23:40:47.066176] [ERROR] TypeError('string indices must be integers')
[2025-06-02T23:40:48.087950] [ERROR] TypeError('string indices must be integers')
[2025-06-02T23:40:49.105317] [ERROR] TypeError('string indices must be integers')
[2025-06-02T23:40:50.124286] [ERROR] TypeError('string indices must be integers')
[2025-06-02T23:40:51.137007] [ERROR] TypeError('string indices must be integers')
[2025-06-02T23:40:52.147939] [ERROR] TypeError('string indices must be integers')
[2025-06-02T23:40:53.160184] [ERROR] TypeError('string indices must be integers')
[2025-06-02T23:40:54.176624] [ERROR] TypeError('string indices must be integers')
[2025-06-02T23:40:55.194601] [ERROR] TypeError('string indices must be integers')
[2025-06-02T23:40:56.205856] [ERROR] TypeError('string indices must be integers')
[2025-06-02T23:40:57.223389] [ERROR] TypeError('string indices must be integers')
[2025-06-02T23:40:58.236484] [ERROR] TypeError('string indices must be integers')
[2025-06-02T23:40:59.249810] [ERROR] TypeError('string indices must be integers')
[2025-06-02T23:41:00.260772] [ERROR] TypeError('string indices must be integers')
[2025-06-02T23:41:01.272954] [ERROR] TypeError('string indices must be integers')
[2025-06-02T23:41:02.284090] [ERROR] TypeError('string indices must be integers')
[2025-06-02T23:41:03.295458] [ERROR] TypeError('string indices must be integers')
[2025-06-02T23:41:04.306760] [ERROR] TypeError('string indices must be integers')
[2025-06-02T23:41:05.318091] [ERROR] TypeError('string indices must be integers')
[2025-06-02T23:41:06.331246] [ERROR] TypeError('string indices must be integers')
[2025-06-02T23:41:07.343123] [ERROR] TypeError('string indices must be integers')
[2025-06-02T23:41:08.354287] [ERROR] TypeError('string indices must be integers')
[2025-06-02T23:41:09.365428] [ERROR] TypeError('string indices must be integers')
[2025-06-02T23:41:10.376476] [ERROR] TypeError('string indices must be integers')
[2025-06-02T23:41:11.387590] [ERROR] TypeError('string indices must be integers')
[2025-06-02T23:41:12.398790] [ERROR] TypeError('string indices must be integers')
[2025-06-02T23:41:13.410459] [ERROR] TypeError('string indices must be integers')
[2025-06-02T23:41:14.422353] [ERROR] TypeError('string indices must be integers')
[2025-06-02T23:41:15.433560] [ERROR] TypeError('string indices must be integers')
[2025-06-02T23:41:16.444837] [ERROR] TypeError('string indices must be integers')
[2025-06-02T23:41:17.454846] [ERROR] TypeError('string indices must be integers')
[2025-06-02T23:41:18.466439] [ERROR] TypeError('string indices must be integers')
[2025-06-02T23:41:19.478735] [ERROR] TypeError('string indices must be integers')
[2025-06-02T23:41:20.488440] [ERROR] TypeError('string indices must be integers')
[2025-06-02T23:41:21.499753] [ERROR] TypeError('string indices must be integers')
[2025-06-02T23:41:22.511136] [ERROR] TypeError('string indices must be integers')
[2025-06-02T23:41:23.522489] [ERROR] TypeError('string indices must be integers')
[2025-06-02T23:41:24.540267] [ERROR] TypeError('string indices must be integers')
[2025-06-02T23:41:25.552604] [ERROR] TypeError('string indices must be integers')
[2025-06-02T23:41:26.562049] [ERROR] TypeError('string indices must be integers')
[2025-06-02T23:41:27.573375] [ERROR] TypeError('string indices must be integers')
[2025-06-02T23:41:28.589069] [ERROR] TypeError('string indices must be integers')
[2025-06-02T23:41:29.601591] [ERROR] TypeError('string indices must be integers')
[2025-06-02T23:41:30.612835] [ERROR] TypeError('string indices must be integers')
[2025-06-02T23:41:31.631173] [ERROR] TypeError('string indices must be integers')
[2025-06-02T23:41:32.649688] [ERROR] TypeError('string indices must be integers')
[2025-06-02T23:41:33.666053] [ERROR] TypeError('string indices must be integers')
[2025-06-02T23:41:34.684664] [ERROR] TypeError('string indices must be integers')
[2025-06-02T23:41:35.694544] [ERROR] TypeError('string indices must be integers')
[2025-06-02T23:41:36.704831] [ERROR] TypeError('string indices must be integers')
[2025-06-02T23:41:37.716562] [ERROR] TypeError('string indices must be integers')
[2025-06-02T23:41:38.727999] [ERROR] TypeError('string indices must be integers')
[2025-06-02T23:41:39.739444] [ERROR] TypeError('string indices must be integers')
[2025-06-02T23:41:40.758127] [ERROR] TypeError('string indices must be integers')
[2025-06-02T23:41:41.776132] [ERROR] TypeError('string indices must be integers')
[2025-06-02T23:41:42.789935] [ERROR] TypeError('string indices must be integers')
[2025-06-02T23:41:43.801130] [ERROR] TypeError('string indices must be integers')
[2025-06-02T23:41:44.818981] [ERROR] TypeError('string indices must be integers')
[2025-06-02T23:41:45.830837] [ERROR] TypeError('string indices must be integers')
[2025-06-02T23:41:46.847022] [ERROR] TypeError('string indices must be integers')
[2025-06-02T23:41:47.859105] [ERROR] TypeError('string indices must be integers')
[2025-06-02T23:41:48.870612] [ERROR] TypeError('string indices must be integers')
[2025-06-02T23:41:49.882023] [ERROR] TypeError('string indices must be integers')
[2025-06-02T23:41:50.900418] [ERROR] TypeError('string indices must be integers')
[2025-06-02T23:41:51.912023] [ERROR] TypeError('string indices must be integers')
[2025-06-02T23:41:52.923286] [ERROR] TypeError('string indices must be integers')
Traceback (most recent call last):
  File "/root/projects/Bubbles-payload/funpumper/fun_purger_loop.py", line 109, in <module>
    loop()
  File "/root/projects/Bubbles-payload/funpumper/fun_purger_loop.py", line 106, in loop
    time.sleep(1)
KeyboardInterrupt
[2025-06-02T23:42:30.098090] [ERROR] TypeError('string indices must be integers')
[2025-06-02T23:42:31.109135] [ERROR] TypeError('string indices must be integers')
[2025-06-02T23:42:32.120024] [ERROR] TypeError('string indices must be integers')
[2025-06-02T23:42:33.131275] [ERROR] TypeError('string indices must be integers')
[2025-06-02T23:42:34.149211] [ERROR] TypeError('string indices must be integers')
[2025-06-02T23:42:35.166626] [ERROR] TypeError('string indices must be integers')
[2025-06-02T23:42:36.183179] [ERROR] TypeError('string indices must be integers')
[2025-06-02T23:42:37.195275] [ERROR] TypeError('string indices must be integers')
[2025-06-02T23:42:38.213809] [ERROR] TypeError('string indices must be integers')
[2025-06-02T23:42:39.225041] [ERROR] TypeError('string indices must be integers')
[2025-06-02T23:42:40.242885] [ERROR] TypeError('string indices must be integers')
[2025-06-02T23:42:41.253963] [ERROR] TypeError('string indices must be integers')
[2025-06-02T23:42:42.264634] [ERROR] TypeError('string indices must be integers')
[2025-06-02T23:42:43.280783] [ERROR] TypeError('string indices must be integers')
[2025-06-02T23:42:44.292124] [ERROR] TypeError('string indices must be integers')
[2025-06-02T23:42:45.307045] [ERROR] TypeError('string indices must be integers')
[2025-06-02T23:42:46.319197] [ERROR] TypeError('string indices must be integers')
[2025-06-02T23:42:47.330210] [ERROR] TypeError('string indices must be integers')
[2025-06-02T23:42:48.341358] [ERROR] TypeError('string indices must be integers')
[2025-06-02T23:42:49.352751] [ERROR] TypeError('string indices must be integers')
[2025-06-02T23:42:50.362771] [ERROR] TypeError('string indices must be integers')
[2025-06-02T23:42:51.373705] [ERROR] TypeError('string indices must be integers')
[2025-06-02T23:42:52.384657] [ERROR] TypeError('string indices must be integers')
[2025-06-02T23:42:53.395364] [ERROR] TypeError('string indices must be integers')
[2025-06-02T23:42:54.406285] [ERROR] TypeError('string indices must be integers')
[2025-06-02T23:42:55.416388] [ERROR] TypeError('string indices must be integers')
[2025-06-02T23:42:56.427746] [ERROR] TypeError('string indices must be integers')
[2025-06-02T23:42:57.438599] [ERROR] TypeError('string indices must be integers')
[2025-06-02T23:42:58.455609] [ERROR] TypeError('string indices must be integers')
[2025-06-02T23:42:59.474242] [ERROR] TypeError('string indices must be integers')
[2025-06-02T23:43:00.491799] [ERROR] TypeError('string indices must be integers')
[2025-06-02T23:43:01.513816] [ERROR] TypeError('string indices must be integers')
[2025-06-02T23:43:02.531587] [ERROR] TypeError('string indices must be integers')
[2025-06-02T23:43:03.544018] [ERROR] TypeError('string indices must be integers')
[2025-06-02T23:43:04.556938] [ERROR] TypeError('string indices must be integers')
[2025-06-02T23:43:05.575662] [ERROR] TypeError('string indices must be integers')
[2025-06-02T23:43:06.593420] [ERROR] TypeError('string indices must be integers')
[2025-06-02T23:43:07.605306] [ERROR] TypeError('string indices must be integers')
[2025-06-02T23:43:08.623726] [ERROR] TypeError('string indices must be integers')
[2025-06-02T23:43:09.634902] [ERROR] TypeError('string indices must be integers')
[2025-06-02T23:43:10.646037] [ERROR] TypeError('string indices must be integers')
[2025-06-02T23:43:11.660940] [ERROR] TypeError('string indices must be integers')
[2025-06-02T23:43:12.671900] [ERROR] TypeError('string indices must be integers')
[2025-06-02T23:43:13.683579] [ERROR] TypeError('string indices must be integers')
[2025-06-02T23:43:14.694621] [ERROR] TypeError('string indices must be integers')
[2025-06-02T23:43:15.705329] [ERROR] TypeError('string indices must be integers')
[2025-06-02T23:43:16.716318] [ERROR] TypeError('string indices must be integers')
[2025-06-02T23:43:17.730105] [ERROR] TypeError('string indices must be integers')
[2025-06-02T23:43:18.739752] [ERROR] TypeError('string indices must be integers')
[2025-06-02T23:43:19.750329] [ERROR] TypeError('string indices must be integers')
Traceback (most recent call last):
  File "/root/projects/Bubbles-payload/funpumper/fun_purger_loop.py", line 109, in <module>
    loop()
  File "/root/projects/Bubbles-payload/funpumper/fun_purger_loop.py", line 106, in loop
    time.sleep(1)
KeyboardInterrupt
[2025-06-02T23:43:37.286869] [ERROR] TypeError('string indices must be integers')
[2025-06-02T23:43:38.297881] [ERROR] TypeError('string indices must be integers')
[2025-06-02T23:43:39.308871] [ERROR] TypeError('string indices must be integers')
[2025-06-02T23:43:40.320643] [ERROR] TypeError('string indices must be integers')
[2025-06-02T23:43:41.331617] [ERROR] TypeError('string indices must be integers')
[2025-06-02T23:43:42.342492] [ERROR] TypeError('string indices must be integers')
[2025-06-02T23:43:43.352680] [ERROR] TypeError('string indices must be integers')
[2025-06-02T23:43:44.364836] [ERROR] TypeError('string indices must be integers')
[2025-06-02T23:43:45.374885] [ERROR] TypeError('string indices must be integers')
[2025-06-02T23:43:46.386024] [ERROR] TypeError('string indices must be integers')
[2025-06-02T23:43:47.396978] [ERROR] TypeError('string indices must be integers')
[2025-06-02T23:43:48.408232] [ERROR] TypeError('string indices must be integers')
[2025-06-02T23:43:49.419230] [ERROR] TypeError('string indices must be integers')
[2025-06-02T23:43:50.429984] [ERROR] TypeError('string indices must be integers')
[2025-06-02T23:43:51.441893] [ERROR] TypeError('string indices must be integers')
[2025-06-02T23:43:52.452948] [ERROR] TypeError('string indices must be integers')
[2025-06-02T23:43:53.470839] [ERROR] TypeError('string indices must be integers')
[2025-06-02T23:43:54.481863] [ERROR] TypeError('string indices must be integers')
[2025-06-02T23:43:55.493326] [ERROR] TypeError('string indices must be integers')
[2025-06-02T23:43:56.504799] [ERROR] TypeError('string indices must be integers')
[2025-06-02T23:43:57.516050] [ERROR] TypeError('string indices must be integers')
[2025-06-02T23:43:58.526753] [ERROR] TypeError('string indices must be integers')
[2025-06-02T23:43:59.538209] [ERROR] TypeError('string indices must be integers')
[2025-06-02T23:44:00.549452] [ERROR] TypeError('string indices must be integers')
[2025-06-02T23:44:01.561094] [ERROR] TypeError('string indices must be integers')
[2025-06-02T23:44:02.571489] [ERROR] TypeError('string indices must be integers')
[2025-06-02T23:44:03.582630] [ERROR] TypeError('string indices must be integers')
[2025-06-02T23:44:04.593892] [ERROR] TypeError('string indices must be integers')
[2025-06-02T23:44:05.603499] [ERROR] TypeError('string indices must be integers')
[2025-06-02T23:44:06.615274] [ERROR] TypeError('string indices must be integers')
[2025-06-02T23:44:07.627046] [ERROR] TypeError('string indices must be integers')
[2025-06-02T23:44:08.638464] [ERROR] TypeError('string indices must be integers')
[2025-06-02T23:44:09.650374] [ERROR] TypeError('string indices must be integers')
[2025-06-02T23:44:10.659521] [ERROR] TypeError('string indices must be integers')
[2025-06-02T23:44:11.670692] [ERROR] TypeError('string indices must be integers')
[2025-06-02T23:44:12.681413] [ERROR] TypeError('string indices must be integers')
Traceback (most recent call last):
  File "/root/projects/Bubbles-payload/funpumper/fun_purger_loop.py", line 109, in <module>
    loop()
  File "/root/projects/Bubbles-payload/funpumper/fun_purger_loop.py", line 106, in loop
    time.sleep(1)
KeyboardInterrupt
[2025-06-02T23:45:07.713914] [ERROR] TypeError('string indices must be integers')
[2025-06-02T23:45:08.732931] [ERROR] TypeError('string indices must be integers')
[2025-06-02T23:45:09.744004] [ERROR] TypeError('string indices must be integers')
[2025-06-02T23:45:10.759564] [ERROR] TypeError('string indices must be integers')
[2025-06-02T23:45:11.772377] [ERROR] TypeError('string indices must be integers')
[2025-06-02T23:45:12.784373] [ERROR] TypeError('string indices must be integers')
[2025-06-02T23:45:13.799199] [ERROR] TypeError('string indices must be integers')
[2025-06-02T23:45:14.813568] [ERROR] TypeError('string indices must be integers')
[2025-06-02T23:45:15.825510] [ERROR] TypeError('string indices must be integers')
[2025-06-02T23:45:16.836707] [ERROR] TypeError('string indices must be integers')
[2025-06-02T23:45:17.846797] [ERROR] TypeError('string indices must be integers')
[2025-06-02T23:45:18.857754] [ERROR] TypeError('string indices must be integers')
[2025-06-02T23:45:19.872241] [ERROR] TypeError('string indices must be integers')
[2025-06-02T23:45:20.883203] [ERROR] TypeError('string indices must be integers')
[2025-06-02T23:45:21.901904] [ERROR] TypeError('string indices must be integers')
[2025-06-02T23:45:22.911300] [ERROR] TypeError('string indices must be integers')
[2025-06-02T23:45:23.924357] [ERROR] TypeError('string indices must be integers')
[2025-06-02T23:45:24.935231] [ERROR] TypeError('string indices must be integers')
[2025-06-02T23:45:25.953892] [ERROR] TypeError('string indices must be integers')
[2025-06-02T23:45:26.971962] [ERROR] TypeError('string indices must be integers')
[2025-06-02T23:45:27.989041] [ERROR] TypeError('string indices must be integers')
[2025-06-02T23:45:29.006766] [ERROR] TypeError('string indices must be integers')
[2025-06-02T23:45:30.017282] [ERROR] TypeError('string indices must be integers')
[2025-06-02T23:45:31.039110] [ERROR] TypeError('string indices must be integers')
[2025-06-02T23:45:32.059565] [ERROR] TypeError('string indices must be integers')
[2025-06-02T23:45:33.077055] [ERROR] TypeError('string indices must be integers')
[2025-06-02T23:45:34.088808] [ERROR] TypeError('string indices must be integers')
[2025-06-02T23:45:35.100090] [ERROR] TypeError('string indices must be integers')
[2025-06-02T23:45:36.111107] [ERROR] TypeError('string indices must be integers')
[2025-06-02T23:45:37.122179] [ERROR] TypeError('string indices must be integers')
[2025-06-02T23:45:38.140356] [ERROR] TypeError('string indices must be integers')
[2025-06-02T23:45:39.158621] [ERROR] TypeError('string indices must be integers')
[2025-06-02T23:45:40.178107] [ERROR] TypeError('string indices must be integers')
[2025-06-02T23:45:41.197055] [ERROR] TypeError('string indices must be integers')
[2025-06-02T23:45:42.215468] [ERROR] TypeError('string indices must be integers')
[2025-06-02T23:45:43.227598] [ERROR] TypeError('string indices must be integers')
[2025-06-02T23:45:44.238762] [ERROR] TypeError('string indices must be integers')
[2025-06-02T23:45:45.255004] [ERROR] TypeError('string indices must be integers')
[2025-06-02T23:45:46.266064] [ERROR] TypeError('string indices must be integers')
Traceback (most recent call last):
  File "/root/projects/Bubbles-payload/funpumper/fun_purger_loop.py", line 109, in <module>
    loop()
  File "/root/projects/Bubbles-payload/funpumper/fun_purger_loop.py", line 106, in loop
    time.sleep(1)
KeyboardInterrupt
[2025-06-02T23:54:39.895051] [ERROR] TypeError('string indices must be integers')
[2025-06-02T23:54:40.904489] [ERROR] TypeError('string indices must be integers')
[2025-06-02T23:54:41.914943] [ERROR] TypeError('string indices must be integers')
[2025-06-02T23:54:42.925976] [ERROR] TypeError('string indices must be integers')
[2025-06-02T23:54:43.936956] [ERROR] TypeError('string indices must be integers')
[2025-06-02T23:54:44.947793] [ERROR] TypeError('string indices must be integers')
[2025-06-02T23:54:45.957920] [ERROR] TypeError('string indices must be integers')
[2025-06-02T23:54:46.968366] [ERROR] TypeError('string indices must be integers')
[2025-06-02T23:54:47.978589] [ERROR] TypeError('string indices must be integers')
[2025-06-02T23:54:48.990444] [ERROR] TypeError('string indices must be integers')
[2025-06-02T23:54:50.000963] [ERROR] TypeError('string indices must be integers')
[2025-06-02T23:54:51.012140] [ERROR] TypeError('string indices must be integers')
[2025-06-02T23:54:52.023765] [ERROR] TypeError('string indices must be integers')
[2025-06-02T23:54:53.034831] [ERROR] TypeError('string indices must be integers')
[2025-06-02T23:54:54.046462] [ERROR] TypeError('string indices must be integers')
[2025-06-02T23:54:55.057823] [ERROR] TypeError('string indices must be integers')
[2025-06-02T23:54:56.068836] [ERROR] TypeError('string indices must be integers')
[2025-06-02T23:54:57.083561] [ERROR] TypeError('string indices must be integers')
[2025-06-02T23:54:58.094469] [ERROR] TypeError('string indices must be integers')
[2025-06-02T23:54:59.105455] [ERROR] TypeError('string indices must be integers')
[2025-06-02T23:55:00.116909] [ERROR] TypeError('string indices must be integers')
[2025-06-02T23:55:01.128835] [ERROR] TypeError('string indices must be integers')
[2025-06-02T23:55:02.142671] [ERROR] TypeError('string indices must be integers')
[2025-06-02T23:55:03.158155] [ERROR] TypeError('string indices must be integers')
[2025-06-02T23:55:04.168834] [ERROR] TypeError('string indices must be integers')
[2025-06-02T23:55:05.179050] [ERROR] TypeError('string indices must be integers')
[2025-06-02T23:55:06.190111] [ERROR] TypeError('string indices must be integers')
[2025-06-02T23:55:07.201483] [ERROR] TypeError('string indices must be integers')
[2025-06-02T23:55:08.213011] [ERROR] TypeError('string indices must be integers')
[2025-06-02T23:55:09.226047] [ERROR] TypeError('string indices must be integers')
[2025-06-02T23:55:10.238560] [ERROR] TypeError('string indices must be integers')
[2025-06-02T23:55:11.249676] [ERROR] TypeError('string indices must be integers')
[2025-06-02T23:55:12.260785] [ERROR] TypeError('string indices must be integers')
[2025-06-02T23:55:13.272062] [ERROR] TypeError('string indices must be integers')
[2025-06-02T23:55:14.286453] [ERROR] TypeError('string indices must be integers')
[2025-06-02T23:55:15.299916] [ERROR] TypeError('string indices must be integers')
[2025-06-02T23:55:16.313646] [ERROR] TypeError('string indices must be integers')
[2025-06-02T23:55:17.325499] [ERROR] TypeError('string indices must be integers')
[2025-06-02T23:55:18.336306] [ERROR] TypeError('string indices must be integers')
[2025-06-02T23:55:19.347123] [ERROR] TypeError('string indices must be integers')
[2025-06-02T23:55:20.364600] [ERROR] TypeError('string indices must be integers')
[2025-06-02T23:55:21.389080] [ERROR] TypeError('string indices must be integers')
[2025-06-02T23:55:22.406661] [ERROR] TypeError('string indices must be integers')
[2025-06-02T23:55:23.424229] [ERROR] TypeError('string indices must be integers')
[2025-06-02T23:55:24.441613] [ERROR] TypeError('string indices must be integers')
[2025-06-02T23:55:25.455088] [ERROR] TypeError('string indices must be integers')
[2025-06-02T23:55:26.472687] [ERROR] TypeError('string indices must be integers')
[2025-06-02T23:55:27.490558] [ERROR] TypeError('string indices must be integers')
[2025-06-02T23:55:28.501754] [ERROR] TypeError('string indices must be integers')
[2025-06-02T23:55:29.511922] [ERROR] TypeError('string indices must be integers')
[2025-06-02T23:55:30.529434] [ERROR] TypeError('string indices must be integers')
[2025-06-02T23:55:31.547146] [ERROR] TypeError('string indices must be integers')
[2025-06-02T23:55:32.565710] [ERROR] TypeError('string indices must be integers')
[2025-06-02T23:55:33.583248] [ERROR] TypeError('string indices must be integers')
[2025-06-02T23:55:34.601056] [ERROR] TypeError('string indices must be integers')
[2025-06-02T23:55:35.618522] [ERROR] TypeError('string indices must be integers')
[2025-06-02T23:55:36.636373] [ERROR] TypeError('string indices must be integers')
[2025-06-02T23:55:37.654297] [ERROR] TypeError('string indices must be integers')
[2025-06-02T23:55:38.665158] [ERROR] TypeError('string indices must be integers')
[2025-06-02T23:55:39.682883] [ERROR] TypeError('string indices must be integers')
[2025-06-02T23:55:40.700427] [ERROR] TypeError('string indices must be integers')
[2025-06-02T23:55:41.718155] [ERROR] TypeError('string indices must be integers')
Traceback (most recent call last):
  File "/root/projects/Bubbles-payload/funpumper/fun_purger_loop.py", line 2, in <module>
    from common.black_swan_agent.mutation_memory import load_memory, save_memory
ModuleNotFoundError: No module named 'common'
Traceback (most recent call last):
  File "/root/projects/Bubbles-payload/funpumper/fun_purger_loop.py", line 2, in <module>
    from common.black_swan_agent.mutation_memory import load_memory, save_memory
ModuleNotFoundError: No module named 'common'
Traceback (most recent call last):
  File "/root/projects/Bubbles-payload/funpumper/fun_purger_loop.py", line 2, in <module>
    from common.black_swan_agent.mutation_memory import load_memory, save_memory
ModuleNotFoundError: No module named 'common'
Traceback (most recent call last):
  File "/root/projects/Bubbles-payload/funpumper/fun_purger_loop.py", line 2, in <module>
    from common.black_swan_agent.mutation_memory import load_memory, save_memory
ModuleNotFoundError: No module named 'common'
Traceback (most recent call last):
  File "/root/projects/Bubbles-payload/funpumper/fun_purger_loop.py", line 2, in <module>
    from common.black_swan_agent.mutation_memory import load_memory, save_memory
ModuleNotFoundError: No module named 'common'
Traceback (most recent call last):
  File "/root/projects/Bubbles-payload/funpumper/fun_purger_loop.py", line 2, in <module>
    from common.black_swan_agent.mutation_memory import load_memory, save_memory
ModuleNotFoundError: No module named 'common'
Traceback (most recent call last):
  File "/root/projects/Bubbles-payload/funpumper/fun_purger_loop.py", line 2, in <module>
    from common.black_swan_agent.mutation_memory import load_memory, save_memory
ModuleNotFoundError: No module named 'common'
